1069424204 11182080 2230890
1069424204 11182080 2230890 11182080 2230890
1069423904 11182080 2230890 11182080 2230890
1069423800 11182080 2230890 11182080 2230890
1069423500 11182080 2230890 11182080 2230890
1069423200 11182080 2230890 11182080 2230890
1069422900 11182080 2230890 11182080 2230890
1069422600 11182080 2230890 11182080 2230890
1069422300 11182080 2230890 11182080 2230890
1069422000 11182080 2230890 11182080 2230890
1069421700 11182080 2230890 11182080 2230890
1069421400 11182080 2230890 11182080 2230890
1069421100 11182080 2230890 11182080 2230890
1069420800 11182080 2230890 11182080 2230890
1069420500 11182080 2230890 11182080 2230890
1069420200 11182080 2230890 11182080 2230890
1069419900 11182080 2230890 11182080 2230890
1069419600 11182080 2230890 11182080 2230890
1069419300 11045765 2230890 11182080 2230890
1069419000 10788864 2230890 10788864 2230890
1069418700 10788864 2230890 10788864 2230890
1069418400 10788864 2230890 10788864 2230890
1069418100 10788864 2230890 10788864 2230890
1069417800 10755577 2230890 10788864 2230890
1069417500 10694656 2230890 10694656 2230890
1069417200 9960652 2230890 10694656 2230890
1069416900 8597504 2230890 8597504 2230890
1069416600 8597504 2230890 8597504 2230890
1069416300 8597504 2230890 8597504 2230890
1069416000 10208556 2230890 11182080 2230890
1069415700 11182080 2230890 11182080 2230890
1069415400 11182080 2230890 11182080 2230890
1069415100 11182080 2230890 11182080 2230890
1069414800 11182080 2230890 11182080 2230890
1069414500 11182080 2230890 11182080 2230890
1069414200 11182080 2230890 11182080 2230890
1069413900 11182080 2230890 11182080 2230890
1069413600 11182080 2230890 11182080 2230890
1069413300 11182080 2230890 11182080 2230890
1069413000 11182080 2230890 11182080 2230890
1069412700 11182080 2230890 11182080 2230890
1069412400 11182080 2230890 11182080 2230890
1069412100 11182080 2230890 11182080 2230890
1069411800 11182080 2230890 11182080 2230890
1069411500 11182080 2230890 11182080 2230890
1069411200 11182080 2230890 11182080 2230890
1069410900 11182080 2230890 11182080 2230890
1069410600 11182080 2230890 11182080 2230890
1069410300 11182080 2230890 11182080 2230890
1069410000 11182080 2230890 11182080 2230890
1069409700 11182080 2230890 11182080 2230890
1069409400 11182080 2230890 11182080 2230890
1069409100 11182080 2230890 11182080 2230890
1069408800 11182080 2230890 11182080 2230890
1069408500 11182080 2230890 11182080 2230890
1069408200 11182080 2230890 11182080 2230890
1069407900 10936975 2230890 11182080 2230890
1069407600 10788864 2230890 10788864 2230890
1069407300 10788864 2230890 10788864 2230890
1069407000 10788864 2230890 10788864 2230890
1069406700 10788864 2230890 10788864 2230890
1069406400 10730455 2230890 10788864 2230890
1069406100 10694656 2230890 10694656 2230890
1069405800 9394421 2230890 10694656 2230890
1069405500 8597504 2230890 8597504 2230890
1069405200 8597504 2230890 8597504 2230890
1069404900 8597504 2230890 8597504 2230890
1069404600 8597504 2230890 8597504 2230890
1069404300 9963451 2230358 10788864 2230890
1069404000 10788864 2230037 10788864 2230037
1069403700 10730141 2230037 10788864 2230037
1069403400 9394421 2230037 10694656 2230037
1069403100 8597504 2230037 8597504 2230037
1069402800 8597504 2230037 8597504 2230037
1069402500 8597504 2230037 8597504 2230037
1069402200 8597504 2230037 8597504 2230037
1069401900 9956147 2230694 10788864 2231098
1069401600 10788864 2231098 10788864 2231098
1069401300 10730455 2231098 10788864 2231098
1069401000 9394421 2231090 10694656 2231098
1069400700 8597504 2231086 8597504 2231086
1069400400 8597504 2231086 8597504 2231086
1069400100 8597504 2231086 8597504 2231086
1069399800 8597504 2231086 8597504 2231086
1069399500 8597504 2231086 8597504 2231086
1069399200 8597504 2231086 8597504 2231086
1069398900 8597504 2231086 8597504 2231086
1069398600 8597504 2231086 8597504 2231086
1069398300 8597504 2231086 8597504 2231086
1069398000 8597504 2231086 8597504 2231086
1069397700 8597504 2231086 8597504 2231086
1069397400 8597504 2231086 8597504 2231086
1069397100 8597504 2231086 8597504 2231086
1069396800 8597504 2231086 8597504 2231086
1069396500 8597504 2231086 8597504 2231086
1069396200 8597504 2231086 8597504 2231086
1069395900 8597504 2231086 8597504 2231086
1069395600 8597504 2231086 8597504 2231086
1069395300 8597504 2231086 8597504 2231086
1069395000 8597504 2231086 8597504 2231086
1069394700 8597504 2231086 8597504 2231086
1069394400 8597504 2231086 8597504 2231086
1069394100 8597504 2231086 8597504 2231086
1069393800 8597504 2231086 8597504 2231086
1069393500 8597504 2231086 8597504 2231086
1069393200 8597504 2231086 8597504 2231086
1069392900 8597504 2231086 8597504 2231086
1069392600 8597504 2231086 8597504 2231086
1069392300 8597504 2231086 8597504 2231086
1069392000 8597504 2231086 8597504 2231086
1069391700 8597504 2231086 8597504 2231086
1069391400 8597504 2231086 8597504 2231086
1069391100 8597504 2231086 8597504 2231086
1069390800 8597504 2231086 8597504 2231086
1069390500 8597504 2231086 8597504 2231086
1069390200 8597504 2231086 8597504 2231086
1069389900 8597504 2231086 8597504 2231086
1069389600 8597504 2231086 8597504 2231086
1069389300 8597504 2231086 8597504 2231086
1069389000 8597504 2231086 8597504 2231086
1069388700 8597504 2231086 8597504 2231086
1069388400 8597504 2231086 8597504 2231086
1069388100 8597504 2231086 8597504 2231086
1069387800 8597504 2231086 8597504 2231086
1069387500 8597504 2231086 8597504 2231086
1069387200 8597504 2231086 8597504 2231086
1069386900 8597504 2231086 8597504 2231086
1069386600 8597504 2231086 8597504 2231086
1069386300 8597504 2231086 8597504 2231086
1069386000 8597504 2231086 8597504 2231086
1069385700 8597504 2231086 8597504 2231086
1069385400 8597504 2231086 8597504 2231086
1069385100 8597504 2231086 8597504 2231086
1069384800 8597504 2231086 8597504 2231086
1069384500 8597504 2231086 8597504 2231086
1069384200 8597504 2231086 8597504 2231086
1069383900 8597504 2231086 8597504 2231086
1069383600 8597504 2231086 8597504 2231086
1069383300 8597504 2231086 8597504 2231086
1069383000 8597504 2231086 8597504 2231086
1069382700 8597504 2231086 8597504 2231086
1069382400 8597504 2231086 8597504 2231086
1069382100 8597504 2231086 8597504 2231086
1069381800 8597504 2231086 8597504 2231086
1069381500 8597504 2231086 8597504 2231086
1069381200 8597504 2231086 8597504 2231086
1069380900 8597504 2231086 8597504 2231086
1069380600 8597504 2231086 8597504 2231086
1069380300 8597504 2231086 8597504 2231086
1069380000 8597504 2231086 8597504 2231086
1069379700 8597504 2231086 8597504 2231086
1069379400 8597504 2231086 8597504 2231086
1069379100 8597504 2231086 8597504 2231086
1069378800 8597504 2231086 8597504 2231086
1069378500 8597504 2231086 8597504 2231086
1069378200 8597504 2231086 8597504 2231086
1069377900 8597504 2231086 8597504 2231086
1069377600 8597504 2231086 8597504 2231086
1069377300 8597504 2231086 8597504 2231086
1069377000 8597504 2231086 8597504 2231086
1069376700 8597504 2231086 8597504 2231086
1069376400 8597504 2231086 8597504 2231086
1069376100 8597504 2231086 8597504 2231086
1069375800 8597504 2231086 8597504 2231086
1069375500 8597504 2231086 8597504 2231086
1069375200 8597504 2231086 8597504 2231086
1069374900 8597504 2231086 8597504 2231086
1069374600 8597504 2231086 8597504 2231086
1069374300 8597504 2231086 8597504 2231086
1069374000 8597504 2231086 8597504 2231086
1069373700 8597504 2231086 8597504 2231086
1069373400 8597504 2231086 8597504 2231086
1069373100 8597504 2231086 8597504 2231086
1069372800 8597504 2231086 8597504 2231086
1069372500 8597504 2231086 8597504 2231086
1069372200 8597504 2231086 8597504 2231086
1069371900 8597504 2231086 8597504 2231086
1069371600 8597504 2231086 8597504 2231086
1069371300 8597504 2231086 8597504 2231086
1069371000 8597504 2231086 8597504 2231086
1069370700 8597504 2231086 8597504 2231086
1069370400 8597504 2231086 8597504 2231086
1069370100 8597504 2231086 8597504 2231086
1069369800 8597504 2231086 8597504 2231086
1069369500 8597504 2231086 8597504 2231086
1069369200 8597504 2231086 8597504 2231086
1069368900 8597504 2231086 8597504 2231086
1069368600 8597504 2231086 8597504 2231086
1069368300 8597504 2231086 8597504 2231086
1069368000 8597504 2231086 8597504 2231086
1069367700 8597504 2231086 8597504 2231086
1069367400 8597504 2231086 8597504 2231086
1069367100 8597504 2231086 8597504 2231086
1069366800 8597504 2231086 8597504 2231086
1069366500 8597504 2231086 8597504 2231086
1069366200 8597504 2231086 8597504 2231086
1069365900 8597504 2231086 8597504 2231086
1069365600 8597504 2231086 8597504 2231086
1069365300 8597504 2231086 8597504 2231086
1069365000 8597504 2231086 8597504 2231086
1069364700 8597504 2231086 8597504 2231086
1069364400 8597504 2231086 8597504 2231086
1069364100 8597504 2231086 8597504 2231086
1069363800 8597504 2231086 8597504 2231086
1069363500 8597504 2231086 8597504 2231086
1069363200 8597504 2231086 8597504 2231086
1069362900 8597504 2231086 8597504 2231086
1069362600 8597504 2231086 8597504 2231086
1069362300 8597504 2231086 8597504 2231086
1069362000 8597504 2231086 8597504 2231086
1069361700 8597504 2231086 8597504 2231086
1069361400 8597504 2231086 8597504 2231086
1069361100 8597504 2231086 8597504 2231086
1069360800 8597504 2231086 8597504 2231086
1069360500 8597504 2231086 8597504 2231086
1069360200 8597504 2231086 8597504 2231086
1069359900 8597504 2231086 8597504 2231086
1069359600 8597504 2231086 8597504 2231086
1069359300 8597504 2231086 8597504 2231086
1069359000 8597504 2231086 8597504 2231086
1069358700 8597504 2231086 8597504 2231086
1069358400 8597504 2231086 8597504 2231086
1069358100 8597504 2231086 8597504 2231086
1069357800 8597504 2231086 8597504 2231086
1069357500 8597504 2231086 8597504 2231086
1069357200 8597504 2231086 8597504 2231086
1069356900 8597504 2231086 8597504 2231086
1069356600 8597504 2231086 8597504 2231086
1069356300 8597504 2231086 8597504 2231086
1069356000 8597504 2231086 8597504 2231086
1069355700 8597504 2231086 8597504 2231086
1069355400 8597504 2231086 8597504 2231086
1069355100 8597504 2231086 8597504 2231086
1069354800 8597504 2231086 8597504 2231086
1069354500 8597504 2231086 8597504 2231086
1069354200 8597504 2231086 8597504 2231086
1069353900 8597504 2231086 8597504 2231086
1069353600 8597504 2231086 8597504 2231086
1069353300 8597504 2231086 8597504 2231086
1069353000 8597504 2231086 8597504 2231086
1069352700 8597504 2231086 8597504 2231086
1069352400 8597504 2231086 8597504 2231086
1069352100 8597504 2231086 8597504 2231086
1069351800 8597504 2231086 8597504 2231086
1069351500 8597504 2231086 8597504 2231086
1069351200 8597504 2231086 8597504 2231086
1069350900 8597504 2231086 8597504 2231086
1069350600 8597504 2231086 8597504 2231086
1069350300 8597504 2231086 8597504 2231086
1069350000 8597504 2231086 8597504 2231086
1069349700 8597504 2231086 8597504 2231086
1069349400 8597504 2231086 8597504 2231086
1069349100 8597504 2231086 8597504 2231086
1069348800 8597504 2231086 8597504 2231086
1069348500 8597504 2231086 8597504 2231086
1069348200 8597504 2231086 8597504 2231086
1069347900 8597504 2231086 8597504 2231086
1069347600 8597504 2231086 8597504 2231086
1069347300 8597504 2231086 8597504 2231086
1069347000 8597504 2231086 8597504 2231086
1069346700 8597504 2231086 8597504 2231086
1069346400 8597504 2231086 8597504 2231086
1069346100 8597504 2231086 8597504 2231086
1069345800 8597504 2231086 8597504 2231086
1069345500 8597504 2231086 8597504 2231086
1069345200 8597504 2231086 8597504 2231086
1069344900 8597504 2231086 8597504 2231086
1069344600 8597504 2231086 8597504 2231086
1069344300 8597504 2231086 8597504 2231086
1069344000 8597504 2231086 8597504 2231086
1069343700 8597504 2231086 8597504 2231086
1069343400 8597504 2231086 8597504 2231086
1069343100 8597504 2231086 8597504 2231086
1069342800 8597504 2231086 8597504 2231086
1069342500 8597504 2231086 8597504 2231086
1069342200 8597504 2231086 8597504 2231086
1069341900 8597504 2231086 8597504 2231086
1069341600 8597504 2231086 8597504 2231086
1069341300 8597504 2231086 8597504 2231086
1069341000 8597504 2231086 8597504 2231086
1069340700 8597504 2231086 8597504 2231086
1069340400 8597504 2231086 8597504 2231086
1069340100 8597504 2231086 8597504 2231086
1069339800 8597504 2231086 8597504 2231086
1069339500 8597504 2231086 8597504 2231086
1069339200 8597504 2231086 8597504 2231086
1069338900 8597504 2231086 8597504 2231086
1069338600 8597504 2231086 8597504 2231086
1069338300 8597504 2231086 8597504 2231086
1069338000 8597504 2231086 8597504 2231086
1069337700 8597504 2231086 8597504 2231086
1069337400 8597504 2231086 8597504 2231086
1069337100 8597504 2231086 8597504 2231086
1069336800 8597504 2231086 8597504 2231086
1069336500 8597504 2231086 8597504 2231086
1069336200 8597504 2231086 8597504 2231086
1069335900 8597504 2231086 8597504 2231086
1069335600 8597504 2231086 8597504 2231086
1069335300 8597504 2231086 8597504 2231086
1069335000 8597504 2231086 8597504 2231086
1069334700 8597504 2231086 8597504 2231086
1069334400 8597504 2231086 8597504 2231086
1069334100 8597504 2231086 8597504 2231086
1069333800 8597504 2231086 8597504 2231086
1069333500 8597504 2231086 8597504 2231086
1069333200 8597504 2231086 8597504 2231086
1069332900 8597504 2231086 8597504 2231086
1069332600 8597504 2231086 8597504 2231086
1069332300 8597504 2231086 8597504 2231086
1069332000 8597504 2231086 8597504 2231086
1069331700 8597504 2231086 8597504 2231086
1069331400 8597504 2231086 8597504 2231086
1069331100 8597504 2231086 8597504 2231086
1069330800 8597504 2231086 8597504 2231086
1069330500 8597504 2231086 8597504 2231086
1069330200 8597504 2231086 8597504 2231086
1069329900 8597504 2231086 8597504 2231086
1069329600 8597504 2231086 8597504 2231086
1069329300 8597504 2231086 8597504 2231086
1069329000 8597504 2231086 8597504 2231086
1069328700 8597504 2231086 8597504 2231086
1069328400 8597504 2231086 8597504 2231086
1069328100 8597504 2231086 8597504 2231086
1069327800 8597504 2231086 8597504 2231086
1069327500 8597504 2231086 8597504 2231086
1069327200 8597504 2231086 8597504 2231086
1069326900 8597504 2231086 8597504 2231086
1069326600 8597504 2231086 8597504 2231086
1069326300 8597504 2231086 8597504 2231086
1069326000 8597504 2231086 8597504 2231086
1069325700 8597504 2231086 8597504 2231086
1069325400 8597504 2231086 8597504 2231086
1069325100 8597504 2231086 8597504 2231086
1069324800 8597504 2231086 8597504 2231086
1069324500 8597504 2231086 8597504 2231086
1069324200 8597504 2231086 8597504 2231086
1069323900 8597504 2231086 8597504 2231086
1069323600 8597504 2231086 8597504 2231086
1069323300 8597504 2231086 8597504 2231086
1069323000 8597504 2231086 8597504 2231086
1069322700 8597504 2231086 8597504 2231086
1069322400 8597504 2231086 8597504 2231086
1069322100 8597504 2231086 8597504 2231086
1069321800 8597504 2231086 8597504 2231086
1069321500 8597504 2231086 8597504 2231086
1069321200 8597504 2231086 8597504 2231086
1069320900 8597504 2231086 8597504 2231086
1069320600 8597504 2231086 8597504 2231086
1069320300 8597504 2231086 8597504 2231086
1069320000 8597504 2231086 8597504 2231086
1069319700 8597504 2231086 8597504 2231086
1069319400 8597504 2231086 8597504 2231086
1069319100 8597504 2231086 8597504 2231086
1069318800 8597504 2231086 8597504 2231086
1069318500 8597504 2231086 8597504 2231086
1069318200 8597504 2231086 8597504 2231086
1069317900 8597504 2231086 8597504 2231086
1069317600 8597504 2231086 8597504 2231086
1069317300 8597504 2231086 8597504 2231086
1069317000 8597504 2231086 8597504 2231086
1069316700 8597504 2231086 8597504 2231086
1069316400 8597504 2231086 8597504 2231086
1069316100 8597504 2231086 8597504 2231086
1069315800 8597504 2231086 8597504 2231086
1069315500 8597504 2231086 8597504 2231086
1069315200 8597504 2231086 8597504 2231086
1069314900 8597504 2231086 8597504 2231086
1069314600 8597504 2231086 8597504 2231086
1069314300 8597504 2231086 8597504 2231086
1069314000 8597504 2231086 8597504 2231086
1069313700 8597504 2231086 8597504 2231086
1069313400 8597504 2231086 8597504 2231086
1069313100 8597504 2231086 8597504 2231086
1069312800 8597504 2231086 8597504 2231086
1069312500 8597504 2231086 8597504 2231086
1069312200 8597504 2231086 8597504 2231086
1069311900 8597504 2231086 8597504 2231086
1069311600 8597504 2231086 8597504 2231086
1069311300 8597504 2231086 8597504 2231086
1069311000 8597504 2231086 8597504 2231086
1069310700 8597504 2231086 8597504 2231086
1069310400 8597504 2231086 8597504 2231086
1069310100 8597504 2231086 8597504 2231086
1069309800 8597504 2231086 8597504 2231086
1069309500 8597504 2231086 8597504 2231086
1069309200 8597504 2231086 8597504 2231086
1069308900 8597504 2231086 8597504 2231086
1069308600 8597504 2231086 8597504 2231086
1069308300 8597504 2231086 8597504 2231086
1069308000 8597504 2231086 8597504 2231086
1069307700 8597504 2231086 8597504 2231086
1069307400 8597504 2231086 8597504 2231086
1069307100 8597504 2231086 8597504 2231086
1069306800 8597504 2231086 8597504 2231086
1069306500 8597504 2231086 8597504 2231086
1069306200 8597504 2231086 8597504 2231086
1069305900 8597504 2231086 8597504 2231086
1069305600 8597504 2231086 8597504 2231086
1069305300 8597504 2231086 8597504 2231086
1069305000 8597504 2231086 8597504 2231086
1069304700 8597504 2231086 8597504 2231086
1069304400 8597504 2231086 8597504 2231086
1069304100 8597504 2231086 8597504 2231086
1069303800 8597504 2231086 8597504 2231086
1069303500 8597504 2231086 8597504 2231086
1069303200 8597504 2231086 8597504 2231086
1069302900 8597504 2231086 8597504 2231086
1069302600 8597504 2231086 8597504 2231086
1069302300 8597504 2231086 8597504 2231086
1069302000 8597504 2231086 8597504 2231086
1069301700 8597504 2231086 8597504 2231086
1069301400 8597504 2231086 8597504 2231086
1069301100 8597504 2231086 8597504 2231086
1069300800 8597504 2231086 8597504 2231086
1069300500 8597504 2231086 8597504 2231086
1069300200 8597504 2231086 8597504 2231086
1069299900 8597504 2231086 8597504 2231086
1069299600 8597504 2231086 8597504 2231086
1069299300 8597504 2231086 8597504 2231086
1069299000 8597504 2231086 8597504 2231086
1069298700 8597504 2231086 8597504 2231086
1069298400 8597504 2231086 8597504 2231086
1069298100 8597504 2231086 8597504 2231086
1069297800 8597504 2231086 8597504 2231086
1069297500 8597504 2231086 8597504 2231086
1069297200 8597504 2231086 8597504 2231086
1069296900 8597504 2231086 8597504 2231086
1069296600 8597504 2231086 8597504 2231086
1069296300 8597504 2231086 8597504 2231086
1069296000 8597504 2231086 8597504 2231086
1069295700 8597504 2231086 8597504 2231086
1069295400 8597504 2231086 8597504 2231086
1069295100 8597504 2231086 8597504 2231086
1069294800 8597504 2231086 8597504 2231086
1069294500 8597504 2231086 8597504 2231086
1069294200 8597504 2231086 8597504 2231086
1069293900 8597504 2231086 8597504 2231086
1069293600 8597504 2231086 8597504 2231086
1069293300 8597504 2231086 8597504 2231086
1069293000 8597504 2231086 8597504 2231086
1069292700 8597504 2231086 8597504 2231086
1069292400 8597504 2231086 8597504 2231086
1069292100 8597504 2231086 8597504 2231086
1069291800 8597504 2231086 8597504 2231086
1069291500 8597504 2231086 8597504 2231086
1069291200 8597504 2231086 8597504 2231086
1069290900 8597504 2231086 8597504 2231086
1069290600 8597504 2231086 8597504 2231086
1069290300 8597504 2231086 8597504 2231086
1069290000 8597504 2231086 8597504 2231086
1069289700 8597504 2231086 8597504 2231086
1069289400 8597504 2231086 8597504 2231086
1069289100 8597504 2231086 8597504 2231086
1069288800 8597504 2231086 8597504 2231086
1069288500 8597504 2231086 8597504 2231086
1069288200 8597504 2231086 8597504 2231086
1069287900 8597504 2231086 8597504 2231086
1069287600 8597504 2231086 8597504 2231086
1069287300 8597504 2231086 8597504 2231086
1069287000 8597504 2231086 8597504 2231086
1069286700 8597504 2231086 8597504 2231086
1069286400 8597504 2231086 8597504 2231086
1069286100 8597504 2231086 8597504 2231086
1069285800 8597504 2231086 8597504 2231086
1069285500 8597504 2231086 8597504 2231086
1069285200 8597504 2231086 8597504 2231086
1069284900 8597504 2231086 8597504 2231086
1069284600 8597504 2231086 8597504 2231086
1069284300 8597504 2231086 8597504 2231086
1069284000 8597504 2231086 8597504 2231086
1069283700 8597504 2231086 8597504 2231086
1069283400 8597504 2231086 8597504 2231086
1069283100 8597504 2231086 8597504 2231086
1069282800 8597504 2231086 8597504 2231086
1069282500 8597504 2231086 8597504 2231086
1069282200 8597504 2231086 8597504 2231086
1069281900 8597504 2231086 8597504 2231086
1069281600 8597504 2231086 8597504 2231086
1069281300 8597504 2231086 8597504 2231086
1069281000 8597504 2231086 8597504 2231086
1069280700 8597504 2231086 8597504 2231086
1069280400 8597504 2231086 8597504 2231086
1069280100 8597504 2231086 8597504 2231086
1069279800 8597504 2231086 8597504 2231086
1069279500 8597504 2231086 8597504 2231086
1069279200 8597504 2231086 8597504 2231086
1069278900 8597504 2231086 8597504 2231086
1069278600 8597504 2231086 8597504 2231086
1069278300 8597504 2231086 8597504 2231086
1069278000 8597504 2231086 8597504 2231086
1069277700 8597504 2231086 8597504 2231086
1069277400 8597504 2231086 8597504 2231086
1069277100 8597504 2231086 8597504 2231086
1069276800 8597504 2231086 8597504 2231086
1069276500 8597504 2231086 8597504 2231086
1069276200 8597504 2231086 8597504 2231086
1069275900 8597504 2231086 8597504 2231086
1069275600 8597504 2231086 8597504 2231086
1069275300 8597504 2231086 8597504 2231086
1069275000 8597504 2231086 8597504 2231086
1069274700 8597504 2231086 8597504 2231086
1069274400 8597504 2231086 8597504 2231086
1069274100 8597504 2231086 8597504 2231086
1069273800 8597504 2231086 8597504 2231086
1069273500 8597504 2231086 8597504 2231086
1069273200 8597504 2231086 8597504 2231086
1069272900 8597504 2231086 8597504 2231086
1069272600 8597504 2231086 8597504 2231086
1069272300 8597504 2231086 8597504 2231086
1069272000 8597504 2231086 8597504 2231086
1069271700 8597504 2231086 8597504 2231086
1069271400 8597504 2231086 8597504 2231086
1069271100 8597504 2231086 8597504 2231086
1069270800 8597504 2231086 8597504 2231086
1069270500 8597504 2231086 8597504 2231086
1069270200 8597504 2231086 8597504 2231086
1069269900 8597504 2231086 8597504 2231086
1069269600 8597504 2231086 8597504 2231086
1069269300 8597504 2231086 8597504 2231086
1069269000 8597504 2231086 8597504 2231086
1069268700 8597504 2231086 8597504 2231086
1069268400 8597504 2231086 8597504 2231086
1069268100 8597504 2231086 8597504 2231086
1069267800 8597504 2231086 8597504 2231086
1069267500 8597504 2231086 8597504 2231086
1069267200 8597504 2231086 8597504 2231086
1069266900 8597504 2231086 8597504 2231086
1069266600 8597504 2231086 8597504 2231086
1069266300 8597504 2231086 8597504 2231086
1069266000 8597504 2231086 8597504 2231086
1069265700 8597504 2231086 8597504 2231086
1069265400 8597504 2231086 8597504 2231086
1069265100 8597504 2231086 8597504 2231086
1069264800 8597504 2231086 8597504 2231086
1069264500 8597504 2231086 8597504 2231086
1069264200 8597504 2231086 8597504 2231086
1069263900 8597504 2231086 8597504 2231086
1069263600 8597504 2231086 8597504 2231086
1069263300 8597504 2231086 8597504 2231086
1069263000 8597504 2231086 8597504 2231086
1069262700 8597504 2231086 8597504 2231086
1069262400 8597504 2231086 8597504 2231086
1069262100 8597504 2231086 8597504 2231086
1069261800 8597504 2231086 8597504 2231086
1069261500 8597504 2231086 8597504 2231086
1069261200 8597504 2231086 8597504 2231086
1069260900 8597504 2231086 8597504 2231086
1069260600 8597504 2231086 8597504 2231086
1069260300 8597504 2231086 8597504 2231086
1069260000 8597504 2231086 8597504 2231086
1069259700 8597504 2231086 8597504 2231086
1069259400 8597504 2231086 8597504 2231086
1069259100 8597504 2231086 8597504 2231086
1069258800 8597504 2231086 8597504 2231086
1069258500 8597504 2231086 8597504 2231086
1069258200 8597504 2231086 8597504 2231086
1069257900 8597504 2231086 8597504 2231086
1069257600 8597504 2231086 8597504 2231086
1069257300 8597504 2231086 8597504 2231086
1069257000 8597504 2231086 8597504 2231086
1069256700 8597504 2231086 8597504 2231086
1069256400 8597504 2231086 8597504 2231086
1069256100 8597504 2231086 8597504 2231086
1069255800 8597504 2231086 8597504 2231086
1069255500 8597504 2231086 8597504 2231086
1069255200 8597504 2231086 8597504 2231086
1069254900 8597504 2231086 8597504 2231086
1069254600 8597504 2231086 8597504 2231086
1069254300 8597504 2231086 8597504 2231086
1069254000 8597504 2231086 8597504 2231086
1069253700 8597504 2231086 8597504 2231086
1069253400 8597504 2231086 8597504 2231086
1069253100 8597504 2231086 8597504 2231086
1069252800 8597504 2231086 8597504 2231086
1069252500 8597504 2231086 8597504 2231086
1069252200 8597504 2231086 8597504 2231086
1069251900 8597504 2231086 8597504 2231086
1069251600 8597504 2231086 8597504 2231086
1069251300 8597504 2231086 8597504 2231086
1069251000 8597504 2231086 8597504 2231086
1069250700 8597504 2231086 8597504 2231086
1069250400 8597504 2231086 8597504 2231086
1069250100 8597504 2231086 8597504 2231086
1069249800 8597504 2231086 8597504 2231086
1069249500 8597504 2231086 8597504 2231086
1069249200 8597504 2231086 8597504 2231086
1069248900 8597504 2231086 8597504 2231086
1069248600 8597504 2231086 8597504 2231086
1069248300 8597504 2231086 8597504 2231086
1069248000 8597504 2231086 8597504 2231086
1069247700 8597504 2231086 8597504 2231086
1069247400 8597504 2231086 8597504 2231086
1069247100 8597504 2231086 8597504 2231086
1069246800 8597504 2231086 8597504 2231086
1069246500 8597504 2231086 8597504 2231086
1069246200 8597504 2231086 8597504 2231086
1069245900 8597504 2231086 8597504 2231086
1069245600 8597504 2231086 8597504 2231086
1069245300 8597504 2231086 8597504 2231086
1069245000 8597504 2231086 8597504 2231086
1069244700 8597504 2231086 8597504 2231086
1069244400 8597504 2231086 8597504 2231086
1069244100 8597504 2231086 8597504 2231086
1069243200 8597504 2231086 8597504 2231086
1069241400 8597504 2231086 8597504 2231086
1069239600 8597504 2231086 8597504 2231086
1069237800 8597504 2231086 8597504 2231086
1069236000 8597504 2231086 8597504 2231086
1069234200 8597504 2231086 8597504 2231086
1069232400 8597504 2231086 8597504 2231086
1069230600 8597504 2231086 8597504 2231086
1069228800 8597504 2231086 8597504 2231086
1069227000 8597504 2231086 8597504 2231086
1069225200 8597504 2231086 8597504 2231086
1069223400 8597504 2231086 8597504 2231086
1069221600 8597504 2231086 8597504 2231086
1069219800 8597504 2231086 8597504 2231086
1069218000 8597504 2231086 8597504 2231086
1069216200 8597504 2231086 8597504 2231086
1069214400 8597504 2231086 8597504 2231086
1069212600 8597504 2231086 8597504 2231086
1069210800 8597504 2231086 8597504 2231086
1069209000 8597504 2231086 8597504 2231086
1069207200 8597504 2231086 8597504 2231086
1069205400 8597504 2231086 8597504 2231086
1069203600 8597504 2231086 8597504 2231086
1069201800 8597504 2231086 8597504 2231086
1069200000 8597504 2231086 8597504 2231086
1069198200 8597504 2231086 8597504 2231086
1069196400 8597504 2231086 8597504 2231086
1069194600 8597504 2231086 8597504 2231086
1069192800 8597504 2231086 8597504 2231086
1069191000 8597504 2231086 8597504 2231086
1069189200 8597504 2231086 8597504 2231086
1069187400 8597504 2231086 8597504 2231086
1069185600 8597504 2231086 8597504 2231086
1069183800 8597504 2231086 8597504 2231086
1069182000 8597504 2231086 8597504 2231086
1069180200 8597504 2231086 8597504 2231086
1069178400 8597504 2231086 8597504 2231086
1069176600 8597504 2231086 8597504 2231086
1069174800 8597504 2231086 8597504 2231086
1069173000 8597504 2231086 8597504 2231086
1069171200 8597504 2231086 8597504 2231086
1069169400 8597504 2231086 8597504 2231086
1069167600 8597504 2231086 8597504 2231086
1069165800 8597504 2231086 8597504 2231086
1069164000 8597504 2231086 8597504 2231086
1069162200 8597504 2231086 8597504 2231086
1069160400 8597504 2231086 8597504 2231086
1069158600 8597504 2231086 8597504 2231086
1069156800 8597504 2231086 8597504 2231086
1069155000 8597504 2231086 8597504 2231086
1069153200 8597504 2231086 8597504 2231086
1069151400 8597504 2231086 8597504 2231086
1069149600 8597504 2231086 8597504 2231086
1069147800 8597504 2231086 8597504 2231086
1069146000 8597504 2231086 8597504 2231086
1069144200 8597504 2231086 8597504 2231086
1069142400 8597504 2231086 8597504 2231086
1069140600 8597504 2231086 8597504 2231086
1069138800 8597504 2231086 8597504 2231086
1069137000 8597504 2231086 8597504 2231086
1069135200 8597504 2231086 8597504 2231086
1069133400 8597504 2231086 8597504 2231086
1069131600 8597504 2231086 8597504 2231086
1069129800 8597504 2231086 8597504 2231086
1069128000 8597504 2231086 8597504 2231086
1069126200 8597504 2231086 8597504 2231086
1069124400 8597504 2231086 8597504 2231086
1069122600 8597504 2231086 8597504 2231086
1069120800 8597504 2231086 8597504 2231086
1069119000 8597504 2231086 8597504 2231086
1069117200 8597504 2231086 8597504 2231086
1069115400 8597504 2231086 8597504 2231086
1069113600 8597504 2231086 8597504 2231086
1069111800 8597504 2231086 8597504 2231086
1069110000 8597504 2231086 8597504 2231086
1069108200 8597504 2231086 8597504 2231086
1069106400 8597504 2231086 8597504 2231086
1069104600 8597504 2231086 8597504 2231086
1069102800 9730409 2231086 11182080 2231086
1069101000 10803491 2231086 11182080 2231086
1069099200 9078683 2231086 10694656 2231086
1069097400 8597504 2231086 8597504 2231086
1069095600 10277394 2231086 10788864 2231086
1069093800 9076353 2231086 10694656 2231086
1069092000 8597504 2231086 8597504 2231086
1069090200 8597504 2230847 8597504 2231086
1069088400 9896518 2230069 10788864 2230207
1069086600 8727993 2229979 10694656 2229979
1069084800 9296554 2229979 10694656 2229979
1069083000 8597504 2229979 8597504 2229979
1069081200 9192823 2229979 10788864 2229979
1069079400 9083380 2229979 10788864 2229979
1069077600 8947029 2229976 10694656 2229982
1069075800 10590499 2229959 11182080 2229966
1069074000 11182080 2229966 11182080 2229966
1069072200 10284764 2229879 11182080 2229966
1069070400 8962730 2229804 10788864 2229816
1069068600 8597504 2229804 8597504 2229804
1069066800 8597504 2229804 8597504 2229804
1069065000 8597504 2229804 8597504 2229804
1069063200 8597504 2229804 8597504 2229804
1069061400 8597504 2229804 8597504 2229804
1069059600 8597504 2229804 8597504 2229804
1069057800 8597504 2229804 8597504 2229804
1069056000 8597504 2229804 8597504 2229804
1069054200 8597504 2229804 8597504 2229804
1069052400 8597504 2229804 8597504 2229804
1069050600 8597504 2229804 8597504 2229804
1069048800 8597504 2229804 8597504 2229804
1069047000 8597504 2229804 8597504 2229804
1069045200 8597504 2229804 8597504 2229804
1069043400 8597504 2229804 8597504 2229804
1069041600 8597504 2229804 8597504 2229804
1069039800 8597504 2229804 8597504 2229804
1069038000 8597504 2229804 8597504 2229804
1069036200 8597504 2229804 8597504 2229804
1069034400 8597504 2229804 8597504 2229804
1069032600 8597504 2229804 8597504 2229804
1069030800 8597504 2229804 8597504 2229804
1069029000 8597504 2229804 8597504 2229804
1069027200 8597504 2229804 8597504 2229804
1069025400 8597504 2229804 8597504 2229804
1069023600 8597504 2229804 8597504 2229804
1069021800 8597504 2229804 8597504 2229804
1069020000 8597504 2229804 8597504 2229804
1069018200 8597504 2229804 8597504 2229804
1069016400 8597504 2229804 8597504 2229804
1069014600 8597504 2229804 8597504 2229804
1069012800 8597504 2229804 8597504 2229804
1069011000 8597504 2229804 8597504 2229804
1069009200 8597504 2229804 8597504 2229804
1069007400 8597504 2229804 8597504 2229804
1069005600 8597504 2229804 8597504 2229804
1069003800 8597504 2229804 8597504 2229804
1069002000 8597504 2229804 8597504 2229804
1069000200 8597504 2229804 8597504 2229804
1068998400 8597504 2229804 8597504 2229804
1068996600 8597504 2229804 8597504 2229804
1068994800 8597504 2229804 8597504 2229804
1068993000 8597504 2229804 8597504 2229804
1068991200 8597504 2229804 8597504 2229804
1068989400 8597504 2229804 8597504 2229804
1068987600 8597504 2229804 8597504 2229804
1068985800 8597504 2229804 8597504 2229804
1068984000 8597504 2229804 8597504 2229804
1068982200 8597504 2229804 8597504 2229804
1068980400 8597504 2229804 8597504 2229804
1068978600 8597504 2229804 8597504 2229804
1068976800 8597504 2229804 8597504 2229804
1068975000 8597504 2229804 8597504 2229804
1068973200 8597504 2229804 8597504 2229804
1068971400 8597504 2229804 8597504 2229804
1068969600 8597504 2229804 8597504 2229804
1068967800 8597504 2229804 8597504 2229804
1068966000 8597504 2229804 8597504 2229804
1068964200 8597504 2229804 8597504 2229804
1068962400 8597504 2229804 8597504 2229804
1068960600 8597504 2229804 8597504 2229804
1068958800 8597504 2229804 8597504 2229804
1068957000 8597504 2229804 8597504 2229804
1068955200 8597504 2229804 8597504 2229804
1068953400 8597504 2229804 8597504 2229804
1068951600 8597504 2229804 8597504 2229804
1068949800 8597504 2229804 8597504 2229804
1068948000 8597504 2229804 8597504 2229804
1068946200 8597504 2229804 8597504 2229804
1068944400 8597504 2229804 8597504 2229804
1068942600 8597504 2229804 8597504 2229804
1068940800 8597504 2229804 8597504 2229804
1068939000 8597504 2229804 8597504 2229804
1068937200 8597504 2229804 8597504 2229804
1068935400 8597504 2229804 8597504 2229804
1068933600 8597504 2229804 8597504 2229804
1068931800 8597504 2229804 8597504 2229804
1068930000 8597504 2229804 8597504 2229804
1068928200 8597504 2229804 8597504 2229804
1068926400 8597504 2229804 8597504 2229804
1068924600 8597504 2229804 8597504 2229804
1068922800 8597504 2229804 8597504 2229804
1068921000 8597504 2229804 8597504 2229804
1068919200 8597504 2229804 8597504 2229804
1068917400 8597504 2229804 8597504 2229804
1068915600 8597504 2229804 8597504 2229804
1068913800 8597504 2229804 8597504 2229804
1068912000 8597504 2229804 8597504 2229804
1068910200 8597504 2229804 8597504 2229804
1068908400 8597504 2229804 8597504 2229804
1068906600 8597504 2229804 8597504 2229804
1068904800 8597504 2229804 8597504 2229804
1068903000 8597504 2229804 8597504 2229804
1068901200 8597504 2229804 8597504 2229804
1068899400 8597504 2229804 8597504 2229804
1068897600 8597504 2229804 8597504 2229804
1068895800 8597504 2229804 8597504 2229804
1068894000 8597504 2229804 8597504 2229804
1068892200 8597504 2229804 8597504 2229804
1068890400 8597504 2229804 8597504 2229804
1068888600 8597504 2229804 8597504 2229804
1068886800 8597504 2229804 8597504 2229804
1068885000 8597504 2229804 8597504 2229804
1068883200 8597504 2229804 8597504 2229804
1068881400 8597504 2229804 8597504 2229804
1068879600 8597504 2229804 8597504 2229804
1068877800 8597504 2229804 8597504 2229804
1068876000 8597504 2229804 8597504 2229804
1068874200 8597504 2229804 8597504 2229804
1068872400 8597504 2229804 8597504 2229804
1068870600 8597504 2229804 8597504 2229804
1068868800 8597504 2229804 8597504 2229804
1068867000 8597504 2229804 8597504 2229804
1068865200 8597504 2229804 8597504 2229804
1068863400 8597504 2229804 8597504 2229804
1068861600 8597504 2229804 8597504 2229804
1068859800 8597504 2229804 8597504 2229804
1068858000 8597504 2229804 8597504 2229804
1068856200 8597504 2229804 8597504 2229804
1068854400 8597504 2229804 8597504 2229804
1068852600 8597504 2229804 8597504 2229804
1068850800 8597504 2229804 8597504 2229804
1068849000 8597504 2229804 8597504 2229804
1068847200 8597504 2229804 8597504 2229804
1068845400 8597504 2229804 8597504 2229804
1068843600 8597504 2229804 8597504 2229804
1068841800 8597504 2229804 8597504 2229804
1068840000 8597504 2229804 8597504 2229804
1068838200 8597504 2229804 8597504 2229804
1068836400 8597504 2229804 8597504 2229804
1068834600 8597504 2229804 8597504 2229804
1068832800 8597504 2229804 8597504 2229804
1068831000 8597504 2229804 8597504 2229804
1068829200 8597504 2229804 8597504 2229804
1068827400 8597504 2229804 8597504 2229804
1068825600 8597504 2229804 8597504 2229804
1068823800 8597504 2229804 8597504 2229804
1068822000 8597504 2229804 8597504 2229804
1068820200 10501156 2229804 11182080 2229804
1068818400 9448482 2229804 10788864 2229804
1068816600 8597504 2229805 8597504 2229816
1068814800 8597504 2229816 8597504 2229816
1068813000 8597504 2229812 8597504 2229816
1068811200 8597504 2229813 8597504 2229816
1068809400 8597504 2229816 8597504 2229816
1068807600 8597504 2229816 8597504 2229816
1068805800 8597504 2229816 8597504 2229816
1068804000 8597504 2229816 8597504 2229816
1068802200 8597504 2229816 8597504 2229816
1068800400 8597504 2229816 8597504 2229816
1068798600 8597504 2229816 8597504 2229816
1068796800 8597504 2229816 8597504 2229816
1068795000 8597504 2229816 8597504 2229816
1068793200 8597504 2229816 8597504 2229816
1068791400 8597504 2229816 8597504 2229816
1068789600 8597504 2229816 8597504 2229816
1068787800 8597504 2229816 8597504 2229816
1068786000 8597504 2229816 8597504 2229816
1068784200 8597504 2229816 8597504 2229816
1068782400 8597504 2229816 8597504 2229816
1068780600 8597504 2229816 8597504 2229816
1068778800 8597504 2229816 8597504 2229816
1068777000 8597504 2229816 8597504 2229816
1068775200 8597504 2229816 8597504 2229816
1068773400 8597504 2229816 8597504 2229816
1068771600 8597504 2229816 8597504 2229816
1068769800 8597504 2229816 8597504 2229816
1068768000 8597504 2229816 8597504 2229816
1068766200 8597504 2229816 8597504 2229816
1068764400 8597504 2229816 8597504 2229816
1068762600 8597504 2229816 8597504 2229816
1068760800 8597504 2229816 8597504 2229816
1068759000 8597504 2229816 8597504 2229816
1068757200 8597504 2229816 8597504 2229816
1068755400 8597504 2229816 8597504 2229816
1068753600 8597504 2229816 8597504 2229816
1068751800 8597504 2229816 8597504 2229816
1068750000 8597504 2229816 8597504 2229816
1068748200 8597504 2229816 8597504 2229816
1068746400 8597504 2229816 8597504 2229816
1068744600 8597504 2229816 8597504 2229816
1068742800 8597504 2229816 8597504 2229816
1068741000 8597504 2229816 8597504 2229816
1068739200 8597504 2229816 8597504 2229816
1068737400 8597504 2229816 8597504 2229816
1068735600 8597504 2229816 8597504 2229816
1068733800 8597504 2229816 8597504 2229816
1068732000 8597504 2229816 8597504 2229816
1068730200 8597504 2229816 8597504 2229816
1068728400 8597504 2229816 8597504 2229816
1068726600 9173290 2229812 11182080 2229816
1068724800 10892586 2229802 11182080 2229802
1068723000 9756102 2229020 11182080 2229802
1068721200 11182080 2226304 11182080 2226304
1068719400 11182080 2226304 11182080 2226304
1068717600 11182080 2226304 11182080 2226304
1068715800 10832336 2226304 11182080 2226304
1068714000 8839771 2226297 10788864 2226304
1068712200 8597504 2226292 8597504 2226292
1068710400 8597504 2226292 8597504 2226292
1068708600 8597504 2226292 8597504 2226292
1068706800 8597504 2226292 8597504 2226292
1068705000 8597504 2226292 8597504 2226292
1068703200 8597504 2226292 8597504 2226292
1068701400 8597504 2226292 8597504 2226292
1068699600 8597504 2226292 8597504 2226292
1068697800 8597504 2226292 8597504 2226292
1068696000 8597504 2226292 8597504 2226292
1068694200 8597504 2226292 8597504 2226292
1068692400 8597504 2226292 8597504 2226292
1068690600 8597504 2226292 8597504 2226292
1068688800 8597504 2226292 8597504 2226292
1068687000 8597504 2226292 8597504 2226292
1068685200 8597504 2226292 8597504 2226292
1068683400 8597504 2226292 8597504 2226292
1068681600 8597504 2226292 8597504 2226292
1068679800 8597504 2226292 8597504 2226292
1068678000 8597504 2226292 8597504 2226292
1068676200 8597504 2226292 8597504 2226292
1068674400 8597504 2226292 8597504 2226292
1068672600 8597504 2226292 8597504 2226292
1068670800 8597504 2226292 8597504 2226292
1068669000 8597504 2226292 8597504 2226292
1068667200 9352774 2226192 11182080 2226292
1068665400 11182080 2225953 11182080 2225953
1068663600 11182080 2225953 11182080 2225953
1068661800 10859008 2225953 11182080 2225953
1068660000 8716235 2225943 10694656 2225953
1068658200 9783537 2219614 11182080 2225932
1068656400 11182080 2212354 11182080 2212354
1068654600 11067173 2212354 11182080 2212354
1068652800 10117149 2212354 10788864 2212354
1068651000 8597504 2212354 8597504 2212354
1068649200 10214299 2212354 11182080 2212354
1068647400 11182080 2212354 11182080 2212354
1068645600 11182080 2212354 11182080 2212354
1068643800 11182080 2212354 11182080 2212354
1068642000 11182080 2212354 11182080 2212354
1068640200 11182080 2212354 11182080 2212354
1068638400 11182080 2212354 11182080 2212354
1068636600 11182080 2212354 11182080 2212354
1068634800 11182080 2212354 11182080 2212354
1068633000 11182080 2212354 11182080 2212354
1068631200 11182080 2212354 11182080 2212354
1068629400 11182080 2212354 11182080 2212354
1068627600 11182080 2212354 11182080 2212354
1068625800 11182080 2212354 11182080 2212354
1068624000 11182080 2212354 11182080 2212354
1068622200 11182080 2212354 11182080 2212354
1068620400 11182080 2212354 11182080 2212354
1068618600 11182080 2212354 11182080 2212354
1068616800 11182080 2212354 11182080 2212354
1068615000 11182080 2212354 11182080 2212354
1068613200 11182080 2212354 11182080 2212354
1068611400 11182080 2212354 11182080 2212354
1068609600 11182080 2212354 11182080 2212354
1068607800 11182080 2212354 11182080 2212354
1068606000 11182080 2212354 11182080 2212354
1068604200 11182080 2212354 11182080 2212354
1068602400 11182080 2212354 11182080 2212354
1068600600 11182080 2212354 11182080 2212354
1068598800 11182080 2212354 11182080 2212354
1068597000 11182080 2212354 11182080 2212354
1068595200 11182080 2212354 11182080 2212354
1068593400 11182080 2212354 11182080 2212354
1068591600 11182080 2212354 11182080 2212354
1068589800 11182080 2212354 11182080 2212354
1068588000 11182080 2212354 11182080 2212354
1068586200 11182080 2212354 11182080 2212354
1068584400 11182080 2212354 11182080 2212354
1068582600 11182080 2212354 11182080 2212354
1068580800 11182080 2212354 11182080 2212354
1068579000 11182080 2212354 11182080 2212354
1068577200 11182080 2212354 11182080 2212354
1068575400 11182080 2212354 11182080 2212354
1068573600 11035934 2212354 11182080 2212354
1068571800 9959924 2212354 10788864 2212354
1068570000 8597504 2212354 8597504 2212354
1068568200 10121935 2212354 10788864 2212354
1068566400 8867803 2212201 10694656 2212354
1068564600 8597504 2211943 8597504 2211943
1068562800 8597504 2211943 8597504 2211943
1068561000 8597504 2211943 8597504 2211943
1068559200 8597504 2211943 8597504 2211943
1068557400 8597504 2211943 8597504 2211943
1068555600 8597504 2211943 8597504 2211943
1068553800 8597504 2211943 8597504 2211943
1068552000 8597504 2211943 8597504 2211943
1068550200 8597504 2211943 8597504 2211943
1068548400 8597504 2211943 8597504 2211943
1068546600 8597504 2211943 8597504 2211943
1068544800 8597504 2211943 8597504 2211943
1068543000 8597504 2211943 8597504 2211943
1068541200 8597504 2211943 8597504 2211943
1068539400 8597504 2211943 8597504 2211943
1068537600 8597504 2211943 8597504 2211943
1068535800 8597504 2211943 8597504 2211943
1068534000 8597504 2211943 8597504 2211943
1068532200 8597504 2211943 8597504 2211943
1068530400 8597504 2211943 8597504 2211943
1068528600 8597504 2211943 8597504 2211943
1068526800 8597504 2211943 8597504 2211943
1068525000 8597504 2211943 8597504 2211943
1068523200 8597504 2211943 8597504 2211943
1068521400 8597504 2211943 8597504 2211943
1068519600 8597504 2211943 8597504 2211943
1068517800 8597504 2211943 8597504 2211943
1068516000 8597504 2211943 8597504 2211943
1068514200 8597504 2211943 8597504 2211943
1068512400 8597504 2211943 8597504 2211943
1068510600 8597504 2211943 8597504 2211943
1068508800 8597504 2211943 8597504 2211943
1068507000 8597504 2211943 8597504 2211943
1068505200 8597504 2211943 8597504 2211943
1068503400 8597504 2211943 8597504 2211943
1068501600 8597504 2211943 8597504 2211943
1068499800 8597504 2211943 8597504 2211943
1068498000 8597504 2211943 8597504 2211943
1068496200 8597504 2211943 8597504 2211943
1068494400 8597504 2211943 8597504 2211943
1068492600 8597504 2211943 8597504 2211943
1068490800 8597504 2211943 8597504 2211943
1068489000 8597504 2211943 8597504 2211943
1068487200 8597504 2211943 8597504 2211943
1068485400 8597504 2211943 8597504 2211943
1068483600 8597504 2211943 8597504 2211943
1068481800 8597504 2211943 8597504 2211943
1068480000 8597504 2211943 8597504 2211943
1068478200 8597504 2211943 8597504 2211943
1068476400 8597504 2211943 8597504 2211943
1068474600 8597504 2211943 8597504 2211943
1068472800 8597504 2211943 8597504 2211943
1068471000 8597504 2211943 8597504 2211943
1068469200 8597504 2211943 8597504 2211943
1068467400 8597504 2211943 8597504 2211943
1068465600 8597504 2211943 8597504 2211943
1068463800 8597504 2211943 8597504 2211943
1068462000 8597504 2211943 8597504 2211943
1068460200 8597504 2211943 8597504 2211943
1068458400 8597504 2211943 8597504 2211943
1068456600 8597504 2211943 8597504 2211943
1068454800 8597504 2211943 8597504 2211943
1068453000 8597504 2211943 8597504 2211943
1068451200 8597504 2211943 8597504 2211943
1068449400 8597504 2211943 8597504 2211943
1068447600 8597504 2211943 8597504 2211943
1068445800 8597504 2211943 8597504 2211943
1068444000 8597504 2211943 8597504 2211943
1068442200 8597504 2211943 8597504 2211943
1068440400 8597504 2211943 8597504 2211943
1068438600 8597504 2211943 8597504 2211943
1068436800 8597504 2211943 8597504 2211943
1068435000 8597504 2211943 8597504 2211943
1068433200 8597504 2211943 8597504 2211943
1068431400 8597504 2211943 8597504 2211943
1068429600 8597504 2211943 8597504 2211943
1068427800 8597504 2211943 8597504 2211943
1068426000 8597504 2211943 8597504 2211943
1068424200 8597504 2211943 8597504 2211943
1068422400 8597504 2211943 8597504 2211943
1068420600 8597504 2211943 8597504 2211943
1068418800 8597504 2211943 8597504 2211943
1068417000 8597504 2211943 8597504 2211943
1068415200 8597504 2211943 8597504 2211943
1068413400 8597504 2211943 8597504 2211943
1068411600 8597504 2211943 8597504 2211943
1068409800 8597504 2211943 8597504 2211943
1068408000 8597504 2211943 8597504 2211943
1068406200 8597504 2211943 8597504 2211943
1068404400 8597504 2211943 8597504 2211943
1068402600 8597504 2211943 8597504 2211943
1068400800 8597504 2211943 8597504 2211943
1068399000 8597504 2211943 8597504 2211943
1068397200 8597504 2211943 8597504 2211943
1068395400 8597504 2211943 8597504 2211943
1068393600 8597504 2211943 8597504 2211943
1068391800 8597504 2211943 8597504 2211943
1068390000 8597504 2211943 8597504 2211943
1068388200 8597504 2211943 8597504 2211943
1068386400 8597504 2211943 8597504 2211943
1068384600 8597504 2211943 8597504 2211943
1068382800 8597504 2211943 8597504 2211943
1068381000 8597504 2211943 8597504 2211943
1068379200 8597504 2211943 8597504 2211943
1068377400 8597504 2211943 8597504 2211943
1068375600 8597504 2211943 8597504 2211943
1068373800 8597504 2211943 8597504 2211943
1068372000 8597504 2211943 8597504 2211943
1068370200 8597504 2211943 8597504 2211943
1068368400 8597504 2211943 8597504 2211943
1068366600 8597504 2211943 8597504 2211943
1068364800 8597504 2211943 8597504 2211943
1068363000 8597504 2211943 8597504 2211943
1068361200 8597504 2211943 8597504 2211943
1068359400 8597504 2211943 8597504 2211943
1068357600 8597504 2211943 8597504 2211943
1068355800 8597504 2211943 8597504 2211943
1068354000 8597504 2211943 8597504 2211943
1068352200 8597504 2211943 8597504 2211943
1068350400 8597504 2211943 8597504 2211943
1068348600 8597504 2211943 8597504 2211943
1068346800 8597504 2211943 8597504 2211943
1068345000 8597504 2211943 8597504 2211943
1068343200 8597504 2211943 8597504 2211943
1068341400 8597504 2211943 8597504 2211943
1068339600 8597504 2211943 8597504 2211943
1068337800 8597504 2211943 8597504 2211943
1068336000 8597504 2211943 8597504 2211943
1068334200 8597504 2211943 8597504 2211943
1068332400 8597504 2211943 8597504 2211943
1068330600 8597504 2211943 8597504 2211943
1068328800 8597504 2211943 8597504 2211943
1068327000 8597504 2211943 8597504 2211943
1068325200 8597504 2211943 8597504 2211943
1068323400 8597504 2211943 8597504 2211943
1068321600 8597504 2211943 8597504 2211943
1068319800 8597504 2211943 8597504 2211943
1068318000 8597504 2211943 8597504 2211943
1068316200 8597504 2211943 8597504 2211943
1068314400 8597504 2211943 8597504 2211943
1068312600 8597504 2211943 8597504 2211943
1068310800 8597504 2211943 8597504 2211943
1068309000 8597504 2211943 8597504 2211943
1068307200 8597504 2211943 8597504 2211943
1068305400 8597504 2211943 8597504 2211943
1068303600 8597504 2211943 8597504 2211943
1068301800 8597504 2211943 8597504 2211943
1068300000 8597504 2211943 8597504 2211943
1068298200 8597504 2211943 8597504 2211943
1068296400 8597504 2211943 8597504 2211943
1068294600 8597504 2211943 8597504 2211943
1068292800 8597504 2211943 8597504 2211943
1068291000 8597504 2211943 8597504 2211943
1068289200 8597504 2211943 8597504 2211943
1068287400 8597504 2211943 8597504 2211943
1068285600 8597504 2211943 8597504 2211943
1068283800 8597504 2211943 8597504 2211943
1068282000 8597504 2211943 8597504 2211943
1068280200 8597504 2211943 8597504 2211943
1068278400 8597504 2211943 8597504 2211943
1068276600 8597504 2211943 8597504 2211943
1068274800 8597504 2211943 8597504 2211943
1068273000 8597504 2211943 8597504 2211943
1068271200 8597504 2211943 8597504 2211943
1068269400 8597504 2211943 8597504 2211943
1068267600 8597504 2211943 8597504 2211943
1068265800 8597504 2211943 8597504 2211943
1068264000 8597504 2211943 8597504 2211943
1068262200 8597504 2211943 8597504 2211943
1068260400 8597504 2211943 8597504 2211943
1068258600 8597504 2211943 8597504 2211943
1068256800 8597504 2211943 8597504 2211943
1068255000 8597504 2211943 8597504 2211943
1068253200 8597504 2211943 8597504 2211943
1068251400 8597504 2211943 8597504 2211943
1068249600 8597504 2211943 8597504 2211943
1068247800 8597504 2211943 8597504 2211943
1068246000 8597504 2211943 8597504 2211943
1068244200 8597504 2211943 8597504 2211943
1068242400 8597504 2211943 8597504 2211943
1068240600 9357999 2211938 10788864 2211943
1068238800 10074111 2211865 10788864 2211916
1068237000 10715345 2211865 11182080 2211865
1068235200 11122223 2211865 11182080 2211865
1068233400 9915462 2211865 11182080 2211865
1068231600 9794584 2211865 11182080 2211865
1068229800 9419216 2212446 11182080 2215688
1068228000 11320731 2212878 15376384 2215707
1068226200 12231577 2211556 15900672 2218327
1068224400 10941514 2209895 13279232 2210167
1068222600 9423587 2209415 11182080 2209482
1068220800 9855203 2209259 11182080 2209415
1068219000 10991151 2209096 11182080 2209096
1068217200 9040126 2209074 10788864 2209096
1068215400 11592710 2210845 15376384 2214416
1068213600 8597504 2208203 8597504 2208352
1068211800 13566525 2211323 15900672 2215160
1068210000 9740929 2207396 13279232 2208762
1068208200 12137164 2207679 15900672 2210348
1068206400 11263278 2206937 15900672 2210348
1068204600 9693434 2206163 10788864 2206209
1068202800 8947029 2205594 10694656 2206009
1068201000 8597504 2205448 8597504 2205449
1068199200 8597504 2205449 8597504 2205449
1068197400 8597504 2205449 8597504 2205449
1068195600 8597504 2205449 8597504 2205449
1068193800 8597504 2205449 8597504 2205449
1068192000 8597504 2205449 8597504 2205449
1068190200 8597504 2205449 8597504 2205449
1068188400 8597504 2205449 8597504 2205449
1068186600 8597504 2205449 8597504 2205449
1068184800 8597504 2205449 8597504 2205449
1068183000 8597504 2205449 8597504 2205449
1068181200 8597504 2205449 8597504 2205449
1068179400 8597504 2205449 8597504 2205449
1068177600 8597504 2205449 8597504 2205449
1068175800 8597504 2205449 8597504 2205449
1068174000 8597504 2205449 8597504 2205449
1068172200 8597504 2205449 8597504 2205449
1068170400 8597504 2205449 8597504 2205449
1068168600 8597504 2205449 8597504 2205449
1068166800 8597504 2205449 8597504 2205449
1068165000 8597504 2205449 8597504 2205449
1068163200 8597504 2205449 8597504 2205449
1068156000 8597504 2205449 8597504 2205449
1068148800 8856419 2205584 15376384 2209012
1068141600 10888518 2206578 15376384 2209012
1068134400 8667409 2205238 10694656 2205283
1068127200 9063662 2205008 10788864 2205061
1068120000 9671592 2204927 10788864 2204954
1068112800 8790527 2204896 10788864 2204896
1068105600 8597504 2204896 8597504 2204896
1068098400 8597504 2204896 8597504 2204896
1068091200 8597504 2204896 8597504 2204896
1068084000 8597504 2204896 8597504 2204896
1068076800 8597504 2204896 8597504 2204896
1068069600 8597504 2204896 8597504 2204896
1068062400 8597504 2204896 8597504 2204896
1068055200 8597504 2204896 8597504 2204896
1068048000 8597504 2204896 8597504 2204896
1068040800 8597504 2204896 8597504 2204896
1068033600 8597504 2204896 8597504 2204896
1068026400 8597504 2204896 8597504 2204896
1068019200 8597504 2204896 8597504 2204896
1068012000 8597504 2204896 8597504 2204896
1068004800 8597504 2204896 8597504 2204896
1067997600 8597504 2204896 8597504 2204896
1067990400 8597504 2204896 8597504 2204896
1067983200 8597504 2204896 8597504 2204896
1067976000 8597504 2204896 8597504 2204896
1067968800 8597504 2204896 8597504 2204896
1067961600 9950457 2199273 11182080 2204896
1067954400 10858909 2194119 15376384 2194155
1067947200 10437649 2193721 13279232 2193969
1067940000 8597504 2193666 8597504 2193666
1067932800 8597504 2193666 8597504 2193666
1067925600 8597504 2193666 8597504 2193666
1067918400 8597504 2193666 8597504 2193666
1067911200 8597504 2193666 8597504 2193666
1067904000 8597504 2193666 8597504 2193666
1067896800 9778608 2193666 13279232 2193666
1067889600 9765717 2193153 11182080 2193666
1067882400 9707977 2192036 11182080 2192039
1067875200 8597504 2192039 8597504 2192039
1067868000 8597504 2192039 8597504 2192039
1067860800 8597504 2192039 8597504 2192039
1067853600 8597504 2192039 8597504 2192039
1067846400 8597504 2192039 8597504 2192039
1067839200 8597504 2192039 8597504 2192039
1067832000 8597504 2192039 8597504 2192039
1067824800 8597504 2192039 8597504 2192039
1067817600 8597504 2192039 8597504 2192039
1067810400 8597504 2192039 8597504 2192039
1067803200 8597504 2192039 8597504 2192039
1067796000 8950954 2192039 10788864 2192039
1067788800 8950954 2192009 10788864 2192039
1067781600 12549406 2192425 13279232 2192532
1067774400 13534848 2508607 31629312 4510459
1067767200 31629312 4509001 31629312 4509001
1067760000 31629312 4509001 31629312 4509001
1067752800 31629312 4509001 31629312 4509001
1067745600 31629312 4509001 31629312 4509001
1067738400 31629312 4509001 31629312 4509001
1067731200 31629312 4509001 31629312 4509001
1067724000 31629312 4509001 31629312 4509001
1067716800 31629312 4509001 31629312 4509001
1067709600 31629312 4509001 31629312 4509001
1067702400 31629312 4509001 31629312 4509001
1067695200 31629312 4509001 31629312 4509001
1067688000 31629312 4509001 31629312 4509001
1067680800 31629312 4509001 31629312 4509001
1067673600 31629312 4509001 31629312 4509001
1067666400 31629312 4509001 31629312 4509001
1067659200 31629312 4509001 31629312 4509001
1067652000 31629312 4509001 31629312 4509001
1067644800 31629312 4509001 31629312 4509001
1067637600 31629312 4509001 31629312 4509001
1067630400 31629312 4509001 31629312 4509001
1067623200 31629312 4509001 31629312 4509001
1067616000 31629312 4509001 31629312 4509001
1067608800 31629312 4509001 31629312 4509001
1067601600 31629312 4509001 31629312 4509001
1067594400 31629312 4509001 31629312 4509001
1067587200 31629312 4509001 31629312 4509001
1067580000 31629312 4509001 31629312 4509001
1067572800 31629312 4509001 31629312 4509001
1067565600 31629312 4509001 31629312 4509001
1067558400 31629312 4509001 31629312 4509001
1067551200 31629312 4509001 31629312 4509001
1067544000 31629312 4509001 31629312 4509001
1067536800 31629312 4509001 31629312 4509001
1067529600 29895757 4507939 31629312 4509001
1067522400 34466142 4503451 35823616 4504137
1067515200 35823616 4503380 35823616 4503380
1067508000 35823616 4503380 35823616 4503380
1067500800 35823616 4503380 35823616 4503380
1067493600 35823616 4503380 35823616 4503380
1067486400 35823616 4503380 35823616 4503380
1067479200 35823616 4503380 35823616 4503380
1067472000 35823616 4503380 35823616 4503380
1067464800 35823616 4503380 35823616 4503380
1067457600 35192431 4503380 35823616 4503380
1067450400 18912977 3342069 30580736 4503380
1067443200 8540160 1896146 8540160 1896146
1067436000 8540160 1896146 8540160 1896146
1067428800 8540160 1896146 8540160 1896146
1067421600 8540160 1896146 8540160 1896146
1067414400 8540160 1896146 8540160 1896146
1067407200 8540160 1896146 8540160 1896146
1067400000 8540160 1896146 8540160 1896146
1067392800 8540160 1896146 8540160 1896146
1067385600 8540160 1896146 8540160 1896146
1067378400 8540160 1896146 8540160 1896146
1067371200 8540160 1896146 8540160 1896146
1067364000 8540160 1896146 8540160 1896146
1067356800 8540160 1896146 8540160 1896146
1067349600 8540160 1896146 8540160 1896146
1067342400 8540160 1896146 8540160 1896146
1067335200 8540160 1896146 8540160 1896146
1067328000 8540160 1896146 8540160 1896146
1067320800 8540160 1896146 8540160 1896146
1067313600 8540160 1896146 8540160 1896146
1067306400 8540160 1896146 8540160 1896146
1067299200 8540160 1896146 8540160 1896146
1067292000 8540160 1896146 8540160 1896146
1067284800 8540160 1896146 8540160 1896146
1067277600 8540160 1896146 8540160 1896146
1067270400 8540160 1896146 8540160 1896146
1067263200 8540160 1896146 8540160 1896146
1067256000 8540160 1896146 8540160 1896146
1067248800 8540160 1896146 8540160 1896146
1067241600 8540160 1896146 8540160 1896146
1067234400 8540160 1896146 8540160 1896146
1067227200 8540160 1896146 8540160 1896146
1067220000 8540160 1896146 8540160 1896146
1067212800 8540160 1896146 8540160 1896146
1067205600 8540160 1896146 8540160 1896146
1067198400 8540160 1896146 8540160 1896146
1067191200 8540160 1896146 8540160 1896146
1067184000 8540160 1896146 8540160 1896146
1067176800 8540160 1896146 8540160 1896146
1067169600 8540160 1896146 8540160 1896146
1067162400 8540160 1896146 8540160 1896146
1067155200 8540160 1896146 8540160 1896146
1067148000 8540160 1896146 8540160 1896146
1067140800 8540160 1896146 8540160 1896146
1067133600 8540160 1896146 8540160 1896146
1067126400 8540160 1896146 8540160 1896146
1067119200 8540160 1896146 8540160 1896146
1067112000 8540160 1896146 8540160 1896146
1067104800 8540160 1896146 8540160 1896146
1067097600 8540160 1896146 8540160 1896146
1067090400 8540160 1896146 8540160 1896146
1067083200 8540160 1896146 8540160 1896146
1067076000 8540160 1896146 8540160 1896146
1067068800 8540160 1896146 8540160 1896146
1067061600 8540160 1896146 8540160 1896146
1067054400 8540160 1896146 8540160 1896146
1067047200 8540160 1896146 8540160 1896146
1067040000 8540160 1896146 8540160 1896146
1067032800 8540160 1896146 8540160 1896146
1067025600 8540160 1896146 8540160 1896146
1067018400 8540160 1896146 8540160 1896146
1067011200 8540160 1896146 8540160 1896146
1067004000 8540160 1896146 8540160 1896146
1066996800 8540160 1896146 8540160 1896146
1066989600 8540160 1896146 8540160 1896146
1066982400 8540160 1896146 8540160 1896146
1066975200 8540160 1896146 8540160 1896146
1066968000 8540160 1896146 8540160 1896146
1066960800 8540160 1896146 8540160 1896146
1066953600 8540160 1896146 8540160 1896146
1066946400 8540160 1896146 8540160 1896146
1066939200 8540160 1896146 8540160 1896146
1066932000 8540160 1896146 8540160 1896146
1066924800 8540160 1896146 8540160 1896146
1066917600 8540160 1896146 8540160 1896146
1066910400 8540160 1896146 8540160 1896146
1066903200 8540160 1896146 8540160 1896146
1066896000 8540160 1896146 8540160 1896146
1066888800 8540160 1896146 8540160 1896146
1066881600 8540160 1896146 8540160 1896146
1066874400 8540160 1896146 8540160 1896146
1066867200 8540160 1896146 8540160 1896146
1066860000 8540160 1896146 8540160 1896146
1066852800 8540160 1896146 8540160 1896146
1066845600 8540160 1896146 8540160 1896146
1066838400 8540160 1896146 8540160 1896146
1066831200 8540160 1896146 8540160 1896146
1066824000 8540160 1896146 8540160 1896146
1066816800 8540160 1896146 8540160 1896146
1066809600 8540160 1896146 8540160 1896146
1066802400 8540160 1896146 8540160 1896146
1066795200 8540160 1896146 8540160 1896146
1066788000 8540160 1896146 8540160 1896146
1066780800 8540160 1896146 8540160 1896146
1066773600 8540160 1896146 8540160 1896146
1066766400 8540160 1896146 8540160 1896146
1066759200 8540160 1896146 8540160 1896146
1066752000 8540160 1896146 8540160 1896146
1066744800 8540160 1896146 8540160 1896146
1066737600 8540160 1896146 8540160 1896146
1066730400 8540160 1896146 8540160 1896146
1066723200 8540160 1896146 8540160 1896146
1066716000 8540160 1896146 8540160 1896146
1066708800 8540160 1896146 8540160 1896146
1066701600 8540160 1896146 8540160 1896146
1066694400 8540160 1896146 8540160 1896146
1066687200 8540160 1896146 8540160 1896146
1066680000 8540160 1896146 8540160 1896146
1066672800 8540160 1896146 8540160 1896146
1066665600 8540160 1896146 8540160 1896146
1066658400 8540160 1896146 8540160 1896146
1066651200 8540160 1896146 8540160 1896146
1066644000 8540160 1896146 8540160 1896146
1066636800 8540160 1896146 8540160 1896146
1066629600 8540160 1896146 8540160 1896146
1066622400 8540160 1896146 8540160 1896146
1066615200 8540160 1896146 8540160 1896146
1066608000 8540160 1896146 8540160 1896146
1066600800 8540160 1896146 8540160 1896146
1066593600 8540160 1896146 8540160 1896146
1066586400 8540160 1896146 8540160 1896146
1066579200 8540160 1896146 8540160 1896146
1066572000 8540160 1896146 8540160 1896146
1066564800 8540160 1896146 8540160 1896146
1066557600 8540160 1896146 8540160 1896146
1066550400 8540160 1896146 8540160 1896146
1066543200 8540160 1896146 8540160 1896146
1066536000 8540160 1896146 8540160 1896146
1066528800 8540160 1896146 8540160 1896146
1066521600 8540160 1896146 8540160 1896146
1066514400 8540160 1896146 8540160 1896146
1066507200 8540160 1896146 8540160 1896146
1066500000 8540160 1896146 8540160 1896146
1066492800 8540160 1896146 8540160 1896146
1066485600 8540160 1896146 8540160 1896146
1066478400 8540160 1896146 8540160 1896146
1066471200 8540160 1896146 8540160 1896146
1066464000 8540160 1896146 8540160 1896146
1066456800 8540160 1896146 8540160 1896146
1066449600 8540160 1896146 8540160 1896146
1066442400 8540160 1896146 8540160 1896146
1066435200 8540160 1896146 8540160 1896146
1066428000 8540160 1896146 8540160 1896146
1066420800 8540160 1896146 8540160 1896146
1066413600 8540160 1896146 8540160 1896146
1066406400 8540160 1896146 8540160 1896146
1066399200 8540160 1896146 8540160 1896146
1066392000 8540160 1896146 8540160 1896146
1066384800 8540160 1896146 8540160 1896146
1066377600 8540160 1896146 8540160 1896146
1066370400 8540160 1896146 8540160 1896146
1066363200 8540160 1896146 8540160 1896146
1066356000 8540160 1896146 8540160 1896146
1066348800 8540160 1896146 8540160 1896146
1066341600 8540160 1896146 8540160 1896146
1066334400 8540160 1896146 8540160 1896146
1066327200 8540160 1896146 8540160 1896146
1066320000 8540160 1896146 8540160 1896146
1066312800 8540160 1896146 8540160 1896146
1066305600 8540160 1896146 8540160 1896146
1066298400 8540160 1896146 8540160 1896146
1066291200 8540160 1896146 8540160 1896146
1066284000 8540160 1896146 8540160 1896146
1066276800 8540160 1896146 8540160 1896146
1066269600 8540160 1896146 8540160 1896146
1066262400 8540160 1896146 8540160 1896146
1066255200 8540160 1896146 8540160 1896146
1066248000 8540160 1896146 8540160 1896146
1066240800 8540160 1896146 8540160 1896146
1066233600 8540160 1896146 8540160 1896146
1066226400 8540160 1896146 8540160 1896146
1066219200 8540160 1896146 8540160 1896146
1066212000 8540160 1896146 8540160 1896146
1066204800 8540160 1896146 8540160 1896146
1066197600 8540160 1896146 8540160 1896146
1066190400 8540160 1896146 8540160 1896146
1066183200 8540160 1896146 8540160 1896146
1066176000 8540160 1896146 8540160 1896146
1066168800 8540160 1896146 8540160 1896146
1066161600 8540160 1896146 8540160 1896146
1066154400 8540160 1896146 8540160 1896146
1066147200 8540160 1896146 8540160 1896146
1066140000 8540160 1896146 8540160 1896146
1066132800 8540160 1896146 8540160 1896146
1066125600 8540160 1896146 8540160 1896146
1066118400 8540160 1896146 8540160 1896146
1066111200 8540160 1896146 8540160 1896146
1066104000 8540160 1896146 8540160 1896146
1066096800 8540160 1896146 8540160 1896146
1066089600 8540160 1896146 8540160 1896146
1066082400 8540160 1896146 8540160 1896146
1066075200 8540160 1896146 8540160 1896146
1066068000 8540160 1896146 8540160 1896146
1066060800 8540160 1896146 8540160 1896146
1066053600 8540160 1896146 8540160 1896146
1066046400 8540160 1896146 8540160 1896146
1066039200 8540160 1896146 8540160 1896146
1066032000 8540160 1896146 8540160 1896146
1066024800 8540160 1896146 8540160 1896146
1066017600 8540160 1896146 8540160 1896146
1066010400 8540160 1896146 8540160 1896146
1066003200 8540160 1896146 8540160 1896146
1065996000 8540160 1896146 8540160 1896146
1065988800 8540160 1896146 8540160 1896146
1065981600 8540160 1896146 8540160 1896146
1065974400 8540160 1896146 8540160 1896146
1065967200 8540160 1896146 8540160 1896146
1065960000 8540160 1896146 8540160 1896146
1065952800 8540160 1896146 8540160 1896146
1065945600 8540160 1896146 8540160 1896146
1065938400 8540160 1896146 8540160 1896146
1065931200 8540160 1896146 8540160 1896146
1065924000 8540160 1896146 8540160 1896146
1065916800 8540160 1896146 8540160 1896146
1065909600 8540160 1896146 8540160 1896146
1065902400 8540160 1896146 8540160 1896146
1065895200 8540160 1896146 8540160 1896146
1065888000 8540160 1896146 8540160 1896146
1065880800 8540160 1896146 8540160 1896146
1065873600 8540160 1896146 8540160 1896146
1065866400 8540160 1896146 8540160 1896146
1065859200 8540160 1896146 8540160 1896146
1065852000 8540160 1896146 8540160 1896146
1065844800 8540160 1896146 8540160 1896146
1065837600 8540160 1896146 8540160 1896146
1065830400 8540160 1896146 8540160 1896146
1065823200 8540160 1896146 8540160 1896146
1065816000 8540160 1896146 8540160 1896146
1065808800 8540160 1896146 8540160 1896146
1065801600 8540160 1896146 8540160 1896146
1065794400 8540160 1896146 8540160 1896146
1065787200 8540160 1896146 8540160 1896146
1065780000 8540160 1896146 8540160 1896146
1065772800 8540160 1896146 8540160 1896146
1065765600 8540160 1896146 8540160 1896146
1065758400 8540160 1896146 8540160 1896146
1065751200 8540160 1896146 8540160 1896146
1065744000 8540160 1896146 8540160 1896146
1065736800 8540160 1896146 8540160 1896146
1065729600 8540160 1896146 8540160 1896146
1065722400 8540160 1896146 8540160 1896146
1065715200 8540160 1896146 8540160 1896146
1065708000 8540160 1896146 8540160 1896146
1065700800 8540160 1896146 8540160 1896146
1065693600 8540160 1896146 8540160 1896146
1065686400 8540160 1896146 8540160 1896146
1065679200 8540160 1896146 8540160 1896146
1065672000 8540160 1896146 8540160 1896146
1065664800 8540160 1896146 8540160 1896146
1065657600 8540160 1896146 8540160 1896146
1065650400 8540160 1896146 8540160 1896146
1065643200 8540160 1896146 8540160 1896146
1065636000 8540160 1896146 8540160 1896146
1065628800 8540160 1896146 8540160 1896146
1065621600 8540160 1896146 8540160 1896146
1065614400 8540160 1896146 8540160 1896146
1065607200 8540160 1896146 8540160 1896146
1065600000 8540160 1896146 8540160 1896146
1065592800 8540160 1896146 8540160 1896146
1065585600 8540160 1896146 8540160 1896146
1065578400 8540160 1896146 8540160 1896146
1065571200 8540160 1896146 8540160 1896146
1065564000 8540160 1896146 8540160 1896146
1065556800 8540160 1896146 8540160 1896146
1065549600 8540160 1896146 8540160 1896146
1065542400 8540160 1896146 8540160 1896146
1065535200 8540160 1896146 8540160 1896146
1065528000 8540160 1896146 8540160 1896146
1065520800 8540160 1896146 8540160 1896146
1065513600 8540160 1896146 8540160 1896146
1065506400 8540160 1896146 8540160 1896146
1065499200 8540160 1896146 8540160 1896146
1065492000 8540160 1896146 8540160 1896146
1065484800 8540160 1896146 8540160 1896146
1065477600 8540160 1896146 8540160 1896146
1065470400 8540160 1896146 8540160 1896146
1065463200 8540160 1896146 8540160 1896146
1065456000 8540160 1896146 8540160 1896146
1065448800 8540160 1896146 8540160 1896146
1065441600 8540160 1896146 8540160 1896146
1065434400 8540160 1896146 8540160 1896146
1065427200 8540160 1896146 8540160 1896146
1065420000 8540160 1896146 8540160 1896146
1065412800 8540160 1896146 8540160 1896146
1065405600 8540160 1896146 8540160 1896146
1065398400 8540160 1896146 8540160 1896146
1065391200 8540160 1896146 8540160 1896146
1065384000 8540160 1896146 8540160 1896146
1065376800 8540160 1896146 8540160 1896146
1065369600 8540160 1896146 8540160 1896146
1065362400 8540160 1896146 8540160 1896146
1065355200 8540160 1896146 8540160 1896146
1065348000 8540160 1896146 8540160 1896146
1065340800 8540160 1896146 8540160 1896146
1065333600 8540160 1896146 8540160 1896146
1065326400 8540160 1896146 8540160 1896146
1065319200 8540160 1896146 8540160 1896146
1065312000 8540160 1896146 8540160 1896146
1065304800 8540160 1896146 8540160 1896146
1065297600 8540160 1896146 8540160 1896146
1065290400 8540160 1896146 8540160 1896146
1065283200 8540160 1896146 8540160 1896146
1065276000 8540160 1896146 8540160 1896146
1065268800 8540160 1896146 8540160 1896146
1065261600 8540160 1896146 8540160 1896146
1065254400 8540160 1896146 8540160 1896146
1065247200 8540160 1896146 8540160 1896146
1065240000 8540160 1896146 8540160 1896146
1065232800 8540160 1896146 8540160 1896146
1065225600 8540160 1896146 8540160 1896146
1065218400 8540160 1896146 8540160 1896146
1065211200 8540160 1896146 8540160 1896146
1065204000 8540160 1896146 8540160 1896146
1065196800 8540160 1896146 8540160 1896146
1065189600 8540160 1896146 8540160 1896146
1065182400 8540160 1896146 8540160 1896146
1065175200 8540160 1896146 8540160 1896146
1065168000 8540160 1896146 8540160 1896146
1065160800 8540160 1896146 8540160 1896146
1065153600 8540160 1896146 8540160 1896146
1065146400 8540160 1896146 8540160 1896146
1065139200 8540160 1896146 8540160 1896146
1065132000 8540160 1896146 8540160 1896146
1065124800 8540160 1896146 8540160 1896146
1065117600 8540160 1896146 8540160 1896146
1065110400 8540160 1896146 8540160 1896146
1065103200 8540160 1896146 8540160 1896146
1065096000 8540160 1896146 8540160 1896146
1065088800 8540160 1896146 8540160 1896146
1065081600 8540160 1896146 8540160 1896146
1065074400 8540160 1896146 8540160 1896146
1065067200 8540160 1896146 8540160 1896146
1065060000 8540160 1896146 8540160 1896146
1065052800 8540160 1896146 8540160 1896146
1065045600 8540160 1896146 8540160 1896146
1065038400 8540160 1896146 8540160 1896146
1065031200 8540160 1896146 8540160 1896146
1065024000 8540160 1896146 8540160 1896146
1065016800 8540160 1896146 8540160 1896146
1065009600 8540160 1896146 8540160 1896146
1065002400 8540160 1896146 8540160 1896146
1064995200 8540160 1896146 8540160 1896146
1064988000 8540160 1896146 8540160 1896146
1064980800 8540160 1896146 8540160 1896146
1064973600 8540160 1896146 8540160 1896146
1064966400 8540160 1896146 8540160 1896146
1064959200 8540160 1896146 8540160 1896146
1064952000 8540160 1896146 8540160 1896146
1064944800 8540160 1896146 8540160 1896146
1064937600 8540160 1896146 8540160 1896146
1064930400 8540160 1896146 8540160 1896146
1064923200 8540160 1896146 8540160 1896146
1064916000 8540160 1896146 8540160 1896146
1064908800 8540160 1896146 8540160 1896146
1064901600 8540160 1896146 8540160 1896146
1064894400 8540160 1896146 8540160 1896146
1064887200 8540160 1896146 8540160 1896146
1064880000 8540160 1896146 8540160 1896146
1064872800 8540160 1896146 8540160 1896146
1064865600 8540160 1896146 8540160 1896146
1064858400 8540160 1896146 8540160 1896146
1064851200 8540160 1896146 8540160 1896146
1064844000 8540160 1896146 8540160 1896146
1064836800 8540160 1896146 8540160 1896146
1064829600 8540160 1896146 8540160 1896146
1064822400 8540160 1896146 8540160 1896146
1064815200 8540160 1896146 8540160 1896146
1064808000 8540160 1896146 8540160 1896146
1064800800 8540160 1896146 8540160 1896146
1064793600 8540160 1896146 8540160 1896146
1064786400 8540160 1896146 8540160 1896146
1064779200 8540160 1896146 8540160 1896146
1064772000 8540160 1896146 8540160 1896146
1064764800 8540160 1896146 8540160 1896146
1064757600 8540160 1896146 8540160 1896146
1064750400 8540160 1896146 8540160 1896146
1064743200 8540160 1896146 8540160 1896146
1064736000 8540160 1896146 8540160 1896146
1064728800 8540160 1896146 8540160 1896146
1064721600 8540160 1896146 8540160 1896146
1064714400 8540160 1896146 8540160 1896146
1064707200 8540160 1896146 8540160 1896146
1064700000 8540160 1896146 8540160 1896146
1064692800 8540160 1896146 8540160 1896146
1064685600 8540160 1896146 8540160 1896146
1064678400 8536785 1896146 8540160 1896146
1064671200 8527872 1896146 8527872 1896146
1064664000 8527872 1896146 8527872 1896146
1064656800 8527872 1896146 8527872 1896146
1064649600 8527872 1896146 8527872 1896146
1064642400 8527872 1896146 8527872 1896146
1064635200 8527872 1896146 8527872 1896146
1064628000 8527872 1896146 8527872 1896146
1064620800 8527872 1896146 8527872 1896146
1064613600 8527872 1896146 8527872 1896146
1064606400 8527872 1896146 8527872 1896146
1064599200 8527872 1896146 8527872 1896146
1064592000 8527872 1896146 8527872 1896146
1064584800 8527872 1896146 8527872 1896146
1064577600 8527872 1896146 8527872 1896146
1064570400 8527872 1896146 8527872 1896146
1064563200 8527872 1896146 8527872 1896146
1064556000 8527872 1896146 8527872 1896146
1064548800 8527872 1896146 8527872 1896146
1064541600 8527872 1896146 8527872 1896146
1064534400 8527872 1896146 8527872 1896146
1064527200 8527872 1896146 8527872 1896146
1064520000 8527872 1896146 8527872 1896146
1064512800 8527872 1896146 8527872 1896146
1064505600 8527872 1896146 8527872 1896146
1064498400 8527872 1896146 8527872 1896146
1064491200 8527872 1896146 8527872 1896146
1064484000 8527872 1896146 8527872 1896146
1064476800 8527872 1896146 8527872 1896146
1064469600 8527872 1896146 8527872 1896146
1064462400 8527872 1896146 8527872 1896146
1064455200 8527872 1896146 8527872 1896146
1064448000 8527872 1896146 8527872 1896146
1064440800 8527872 1896146 8527872 1896146
1064433600 8527872 1896146 8527872 1896146
1064426400 8527872 1896146 8527872 1896146
1064419200 8527872 1896146 8527872 1896146
1064412000 8527872 1896146 8527872 1896146
1064404800 8527872 1896146 8527872 1896146
1064397600 8527872 1896146 8527872 1896146
1064390400 8527872 1896146 8527872 1896146
1064383200 8527872 1896146 8527872 1896146
1064376000 8527872 1896146 8527872 1896146
1064368800 8527872 1896146 8527872 1896146
1064361600 8527872 1896146 8527872 1896146
1064354400 8527872 1896146 8527872 1896146
1064347200 8527872 1896146 8527872 1896146
1064340000 8527872 1896146 8527872 1896146
1064332800 8527872 1896146 8527872 1896146
1064325600 8527872 1896146 8527872 1896146
1064318400 8527872 1896146 8527872 1896146
1064311200 8527872 1896146 8527872 1896146
1064304000 8527872 1896146 8527872 1896146
1064296800 8527872 1896146 8527872 1896146
1064289600 8527872 1896146 8527872 1896146
1064282400 8527872 1896146 8527872 1896146
1064275200 8527872 1896146 8527872 1896146
1064268000 8527872 1896146 8527872 1896146
1064260800 8527872 1896146 8527872 1896146
1064253600 8527872 1896146 8527872 1896146
1064246400 8527872 1896146 8527872 1896146
1064239200 8527872 1896146 8527872 1896146
1064232000 8527872 507745 8527872 1896146
1064224800 8527872 0 8527872 0
1064217600 8527872 0 8527872 0
1064210400 8527872 0 8527872 0
1064203200 8527872 0 8527872 0
1064196000 8527872 0 8527872 0
1064188800 8527872 0 8527872 0
1064181600 8527872 0 8527872 0
1064174400 8527872 0 8527872 0
1064167200 8527872 0 8527872 0
1064160000 8527872 0 8527872 0
1064152800 8527872 0 8527872 0
1064145600 8527872 0 8527872 0
1064138400 8527872 0 8527872 0
1064131200 8527872 0 8527872 0
1064124000 8527872 0 8527872 0
1064116800 8527872 0 8527872 0
1064109600 8527872 0 8527872 0
1064102400 8527872 0 8527872 0
1064095200 8527872 0 8527872 0
1064088000 8527872 0 8527872 0
1064080800 8527872 0 8527872 0
1064073600 8527872 0 8527872 0
1064066400 8527872 0 8527872 0
1064059200 18410609 0 26316800 0
1064052000 18613003 0 26316800 0
1064044800 8527872 0 8527872 0
1064037600 8527872 0 8527872 0
1064030400 8527872 0 8527872 0
1064023200 8527872 0 8527872 0
1064016000 8527872 0 8527872 0
1064008800 8527872 0 8527872 0
1064001600 8527872 0 8527872 0
1063994400 8527872 0 8527872 0
1063987200 8527872 0 8527872 0
1063980000 8527872 0 8527872 0
1063972800 8527872 0 8527872 0
1063965600 8527872 0 8527872 0
1063958400 3485767 0 8527872 0
1063951200 0 0 0 0
1063944000 0 0 0 0
1063936800 0 0 0 0
1063929600 0 0 0 0
1063922400 0 0 0 0
1063915200 0 0 0 0
1063908000 0 0 0 0
1063900800 0 0 0 0
1063893600 0 0 0 0
1063886400 0 0 0 0
1063879200 0 0 0 0
1063872000 0 0 0 0
1063864800 0 0 0 0
1063857600 0 0 0 0
1063850400 0 0 0 0
1063843200 0 0 0 0
1063756800 0 0 0 0
1063670400 0 0 0 0
1063584000 0 0 0 0
1063497600 0 0 0 0
1063411200 0 0 0 0
1063324800 0 0 0 0
1063238400 0 0 0 0
1063152000 0 0 0 0
1063065600 0 0 0 0
1062979200 0 0 0 0
1062892800 0 0 0 0
1062806400 0 0 0 0
1062720000 0 0 0 0
1062633600 0 0 0 0
1062547200 0 0 0 0
1062460800 0 0 0 0
1062374400 0 0 0 0
1062288000 0 0 0 0
1062201600 0 0 0 0
1062115200 0 0 0 0
1062028800 0 0 0 0
1061942400 0 0 0 0
1061856000 0 0 0 0
1061769600 0 0 0 0
1061683200 0 0 0 0
1061596800 0 0 0 0
1061510400 0 0 0 0
1061424000 0 0 0 0
1061337600 0 0 0 0
1061251200 0 0 0 0
1061164800 0 0 0 0
1061078400 0 0 0 0
1060992000 0 0 0 0
1060905600 0 0 0 0
1060819200 0 0 0 0
1060732800 0 0 0 0
1060646400 0 0 0 0
1060560000 0 0 0 0
1060473600 0 0 0 0
1060387200 0 0 0 0
1060300800 0 0 0 0
1060214400 0 0 0 0
1060128000 0 0 0 0
1060041600 0 0 0 0
1059955200 0 0 0 0
1059868800 0 0 0 0
1059782400 0 0 0 0
1059696000 0 0 0 0
1059609600 0 0 0 0
1059523200 0 0 0 0
1059436800 0 0 0 0
1059350400 0 0 0 0
1059264000 0 0 0 0
1059177600 0 0 0 0
1059091200 0 0 0 0
1059004800 0 0 0 0
1058918400 0 0 0 0
1058832000 0 0 0 0
1058745600 0 0 0 0
1058659200 0 0 0 0
1058572800 0 0 0 0
1058486400 0 0 0 0
1058400000 0 0 0 0
1058313600 0 0 0 0
1058227200 0 0 0 0
1058140800 0 0 0 0
1058054400 0 0 0 0
1057968000 0 0 0 0
1057881600 0 0 0 0
1057795200 0 0 0 0
1057708800 0 0 0 0
1057622400 0 0 0 0
1057536000 0 0 0 0
1057449600 0 0 0 0
1057363200 0 0 0 0
1057276800 0 0 0 0
1057190400 0 0 0 0
1057104000 0 0 0 0
1057017600 0 0 0 0
1056931200 0 0 0 0
1056844800 0 0 0 0
1056758400 0 0 0 0
1056672000 0 0 0 0
1056585600 0 0 0 0
1056499200 0 0 0 0
1056412800 0 0 0 0
1056326400 0 0 0 0
1056240000 0 0 0 0
1056153600 0 0 0 0
1056067200 0 0 0 0
1055980800 0 0 0 0
1055894400 0 0 0 0
1055808000 0 0 0 0
1055721600 0 0 0 0
1055635200 0 0 0 0
1055548800 0 0 0 0
1055462400 0 0 0 0
1055376000 0 0 0 0
1055289600 0 0 0 0
1055203200 0 0 0 0
1055116800 0 0 0 0
1055030400 0 0 0 0
1054944000 0 0 0 0
1054857600 0 0 0 0
1054771200 0 0 0 0
1054684800 0 0 0 0
1054598400 0 0 0 0
1054512000 0 0 0 0
1054425600 0 0 0 0
1054339200 0 0 0 0
1054252800 0 0 0 0
1054166400 0 0 0 0
1054080000 0 0 0 0
1053993600 0 0 0 0
1053907200 0 0 0 0
1053820800 0 0 0 0
1053734400 0 0 0 0
1053648000 0 0 0 0
1053561600 0 0 0 0
1053475200 0 0 0 0
1053388800 0 0 0 0
1053302400 0 0 0 0
1053216000 0 0 0 0
1053129600 0 0 0 0
1053043200 0 0 0 0
1052956800 0 0 0 0
1052870400 0 0 0 0
1052784000 0 0 0 0
1052697600 0 0 0 0
1052611200 0 0 0 0
1052524800 0 0 0 0
1052438400 0 0 0 0
1052352000 0 0 0 0
1052265600 0 0 0 0
1052179200 0 0 0 0
1052092800 0 0 0 0
1052006400 0 0 0 0
1051920000 0 0 0 0
1051833600 0 0 0 0
1051747200 0 0 0 0
1051660800 0 0 0 0
1051574400 0 0 0 0
1051488000 0 0 0 0
1051401600 0 0 0 0
1051315200 0 0 0 0
1051228800 0 0 0 0
1051142400 0 0 0 0
1051056000 0 0 0 0
1050969600 0 0 0 0
1050883200 0 0 0 0
1050796800 0 0 0 0
1050710400 0 0 0 0
1050624000 0 0 0 0
1050537600 0 0 0 0
1050451200 0 0 0 0
1050364800 0 0 0 0
1050278400 0 0 0 0
1050192000 0 0 0 0
1050105600 0 0 0 0
1050019200 0 0 0 0
1049932800 0 0 0 0
1049846400 0 0 0 0
1049760000 0 0 0 0
1049673600 0 0 0 0
1049587200 0 0 0 0
1049500800 0 0 0 0
1049414400 0 0 0 0
1049328000 0 0 0 0
1049241600 0 0 0 0
1049155200 0 0 0 0
1049068800 0 0 0 0
1048982400 0 0 0 0
1048896000 0 0 0 0
1048809600 0 0 0 0
1048723200 0 0 0 0
1048636800 0 0 0 0
1048550400 0 0 0 0
1048464000 0 0 0 0
1048377600 0 0 0 0
1048291200 0 0 0 0
1048204800 0 0 0 0
1048118400 0 0 0 0
1048032000 0 0 0 0
1047945600 0 0 0 0
1047859200 0 0 0 0
1047772800 0 0 0 0
1047686400 0 0 0 0
1047600000 0 0 0 0
1047513600 0 0 0 0
1047427200 0 0 0 0
1047340800 0 0 0 0
1047254400 0 0 0 0
1047168000 0 0 0 0
1047081600 0 0 0 0
1046995200 0 0 0 0
1046908800 0 0 0 0
1046822400 0 0 0 0
1046736000 0 0 0 0
1046649600 0 0 0 0
1046563200 0 0 0 0
1046476800 0 0 0 0
1046390400 0 0 0 0
1046304000 0 0 0 0
1046217600 0 0 0 0
1046131200 0 0 0 0
1046044800 0 0 0 0
1045958400 0 0 0 0
1045872000 0 0 0 0
1045785600 0 0 0 0
1045699200 0 0 0 0
1045612800 0 0 0 0
1045526400 0 0 0 0
1045440000 0 0 0 0
1045353600 0 0 0 0
1045267200 0 0 0 0
1045180800 0 0 0 0
1045094400 0 0 0 0
1045008000 0 0 0 0
1044921600 0 0 0 0
1044835200 0 0 0 0
1044748800 0 0 0 0
1044662400 0 0 0 0
1044576000 0 0 0 0
1044489600 0 0 0 0
1044403200 0 0 0 0
1044316800 0 0 0 0
1044230400 0 0 0 0
1044144000 0 0 0 0
1044057600 0 0 0 0
1043971200 0 0 0 0
1043884800 0 0 0 0
1043798400 0 0 0 0
1043712000 0 0 0 0
1043625600 0 0 0 0
1043539200 0 0 0 0
1043452800 0 0 0 0
1043366400 0 0 0 0
1043280000 0 0 0 0
1043193600 0 0 0 0
1043107200 0 0 0 0
1043020800 0 0 0 0
1042934400 0 0 0 0
1042848000 0 0 0 0
1042761600 0 0 0 0
1042675200 0 0 0 0
1042588800 0 0 0 0
1042502400 0 0 0 0
1042416000 0 0 0 0
1042329600 0 0 0 0
1042243200 0 0 0 0
1042156800 0 0 0 0
1042070400 0 0 0 0
1041984000 0 0 0 0
1041897600 0 0 0 0
1041811200 0 0 0 0
1041724800 0 0 0 0
1041638400 0 0 0 0
1041552000 0 0 0 0
1041465600 0 0 0 0
1041379200 0 0 0 0
1041292800 0 0 0 0
1041206400 0 0 0 0
1041120000 0 0 0 0
1041033600 0 0 0 0
1040947200 0 0 0 0
1040860800 0 0 0 0
1040774400 0 0 0 0
1040688000 0 0 0 0
1040601600 0 0 0 0
1040515200 0 0 0 0
1040428800 0 0 0 0
1040342400 0 0 0 0
1040256000 0 0 0 0
1040169600 0 0 0 0
1040083200 0 0 0 0
1039996800 0 0 0 0
1039910400 0 0 0 0
1039824000 0 0 0 0
1039737600 0 0 0 0
1039651200 0 0 0 0
1039564800 0 0 0 0
1039478400 0 0 0 0
1039392000 0 0 0 0
1039305600 0 0 0 0
1039219200 0 0 0 0
1039132800 0 0 0 0
1039046400 0 0 0 0
1038960000 0 0 0 0
1038873600 0 0 0 0
1038787200 0 0 0 0
1038700800 0 0 0 0
1038614400 0 0 0 0
1038528000 0 0 0 0
1038441600 0 0 0 0
1038355200 0 0 0 0
1038268800 0 0 0 0
1038182400 0 0 0 0
1038096000 0 0 0 0
1038009600 0 0 0 0
1037923200 0 0 0 0
1037836800 0 0 0 0
1037750400 0 0 0 0
1037664000 0 0 0 0
1037577600 0 0 0 0
1037491200 0 0 0 0
1037404800 0 0 0 0
1037318400 0 0 0 0
1037232000 0 0 0 0
1037145600 0 0 0 0
1037059200 0 0 0 0
1036972800 0 0 0 0
1036886400 0 0 0 0
1036800000 0 0 0 0
1036713600 0 0 0 0
1036627200 0 0 0 0
1036540800 0 0 0 0
1036454400 0 0 0 0
1036368000 0 0 0 0
1036281600 0 0 0 0
1036195200 0 0 0 0
1036108800 0 0 0 0
1036022400 0 0 0 0
1035936000 0 0 0 0
1035849600 0 0 0 0
1035763200 0 0 0 0
1035676800 0 0 0 0
1035590400 0 0 0 0
1035504000 0 0 0 0
1035417600 0 0 0 0
1035331200 0 0 0 0
1035244800 0 0 0 0
1035158400 0 0 0 0
1035072000 0 0 0 0
1034985600 0 0 0 0
1034899200 0 0 0 0
1034812800 0 0 0 0
1034726400 0 0 0 0
1034640000 0 0 0 0
1034553600 0 0 0 0
1034467200 0 0 0 0
1034380800 0 0 0 0
1034294400 0 0 0 0
1034208000 0 0 0 0
1034121600 0 0 0 0
1034035200 0 0 0 0
1033948800 0 0 0 0
1033862400 0 0 0 0
1033776000 0 0 0 0
1033689600 0 0 0 0
1033603200 0 0 0 0
1033516800 0 0 0 0
1033430400 0 0 0 0
1033344000 0 0 0 0
1033257600 0 0 0 0
1033171200 0 0 0 0
1033084800 0 0 0 0
1032998400 0 0 0 0
1032912000 0 0 0 0
1032825600 0 0 0 0
1032739200 0 0 0 0
1032652800 0 0 0 0
1032566400 0 0 0 0
1032480000 0 0 0 0
1032393600 0 0 0 0
1032307200 0 0 0 0
1032220800 0 0 0 0
1032134400 0 0 0 0
1032048000 0 0 0 0
1031961600 0 0 0 0
1031875200 0 0 0 0
1031788800 0 0 0 0
1031702400 0 0 0 0
1031616000 0 0 0 0
1031529600 0 0 0 0
1031443200 0 0 0 0
1031356800 0 0 0 0
1031270400 0 0 0 0
1031184000 0 0 0 0
1031097600 0 0 0 0
1031011200 0 0 0 0
1030924800 0 0 0 0
1030838400 0 0 0 0
1030752000 0 0 0 0
1030665600 0 0 0 0
1030579200 0 0 0 0
1030492800 0 0 0 0
1030406400 0 0 0 0
1030320000 0 0 0 0
1030233600 0 0 0 0
1030147200 0 0 0 0
1030060800 0 0 0 0
1029974400 0 0 0 0
1029888000 0 0 0 0
1029801600 0 0 0 0
1029715200 0 0 0 0
1029628800 0 0 0 0
1029542400 0 0 0 0
1029456000 0 0 0 0
1029369600 0 0 0 0
1029283200 0 0 0 0
1029196800 0 0 0 0
1029110400 0 0 0 0
1029024000 0 0 0 0
1028937600 0 0 0 0
1028851200 0 0 0 0
1028764800 0 0 0 0
1028678400 0 0 0 0
1028592000 0 0 0 0
1028505600 0 0 0 0
1028419200 0 0 0 0
1028332800 0 0 0 0
1028246400 0 0 0 0
1028160000 0 0 0 0
1028073600 0 0 0 0
1027987200 0 0 0 0
1027900800 0 0 0 0
1027814400 0 0 0 0
1027728000 0 0 0 0
1027641600 0 0 0 0
1027555200 0 0 0 0
1027468800 0 0 0 0
1027382400 0 0 0 0
1027296000 0 0 0 0
1027209600 0 0 0 0
1027123200 0 0 0 0
1027036800 0 0 0 0
1026950400 0 0 0 0
1026864000 0 0 0 0
1026777600 0 0 0 0
1026691200 0 0 0 0
1026604800 0 0 0 0
1026518400 0 0 0 0
1026432000 0 0 0 0
1026345600 0 0 0 0
1026259200 0 0 0 0
1026172800 0 0 0 0
1026086400 0 0 0 0
1026000000 0 0 0 0
1025913600 0 0 0 0
1025827200 0 0 0 0
1025740800 0 0 0 0
1025654400 0 0 0 0
1025568000 0 0 0 0
1025481600 0 0 0 0
1025395200 0 0 0 0
1025308800 0 0 0 0
1025222400 0 0 0 0
1025136000 0 0 0 0
1025049600 0 0 0 0
1024963200 0 0 0 0
1024876800 0 0 0 0
1024790400 0 0 0 0
1024704000 0 0 0 0
1024617600 0 0 0 0
1024531200 0 0 0 0
1024444800 0 0 0 0
1024358400 0 0 0 0
1024272000 0 0 0 0
1024185600 0 0 0 0
1024099200 0 0 0 0
1024012800 0 0 0 0
1023926400 0 0 0 0
1023840000 0 0 0 0
1023753600 0 0 0 0
1023667200 0 0 0 0
1023580800 0 0 0 0
1023494400 0 0 0 0
1023408000 0 0 0 0
1023321600 0 0 0 0
1023235200 0 0 0 0
1023148800 0 0 0 0
1023062400 0 0 0 0
1022976000 0 0 0 0
1022889600 0 0 0 0
1022803200 0 0 0 0
1022716800 0 0 0 0
1022630400 0 0 0 0
1022544000 0 0 0 0
1022457600 0 0 0 0
1022371200 0 0 0 0
1022284800 0 0 0 0
1022198400 0 0 0 0
1022112000 0 0 0 0
1022025600 0 0 0 0
1021939200 0 0 0 0
1021852800 0 0 0 0
1021766400 0 0 0 0
1021680000 0 0 0 0
1021593600 0 0 0 0
1021507200 0 0 0 0
1021420800 0 0 0 0
1021334400 0 0 0 0
1021248000 0 0 0 0
1021161600 0 0 0 0
1021075200 0 0 0 0
1020988800 0 0 0 0
1020902400 0 0 0 0
1020816000 0 0 0 0
1020729600 0 0 0 0
1020643200 0 0 0 0
1020556800 0 0 0 0
1020470400 0 0 0 0
1020384000 0 0 0 0
1020297600 0 0 0 0
1020211200 0 0 0 0
1020124800 0 0 0 0
1020038400 0 0 0 0
1019952000 0 0 0 0
1019865600 0 0 0 0
1019779200 0 0 0 0
1019692800 0 0 0 0
1019606400 0 0 0 0
1019520000 0 0 0 0
1019433600 0 0 0 0
1019347200 0 0 0 0
1019260800 0 0 0 0
1019174400 0 0 0 0
1019088000 0 0 0 0
1019001600 0 0 0 0
1018915200 0 0 0 0
1018828800 0 0 0 0
1018742400 0 0 0 0
1018656000 0 0 0 0
1018569600 0 0 0 0
1018483200 0 0 0 0
1018396800 0 0 0 0
1018310400 0 0 0 0
1018224000 0 0 0 0
1018137600 0 0 0 0
1018051200 0 0 0 0
1017964800 0 0 0 0
1017878400 0 0 0 0
1017792000 0 0 0 0
1017705600 0 0 0 0
1017619200 0 0 0 0
1017532800 0 0 0 0
1017446400 0 0 0 0
1017360000 0 0 0 0
1017273600 0 0 0 0
1017187200 0 0 0 0
1017100800 0 0 0 0
1017014400 0 0 0 0
1016928000 0 0 0 0
1016841600 0 0 0 0
1016755200 0 0 0 0
1016668800 0 0 0 0
1016582400 0 0 0 0
1016496000 0 0 0 0
1016409600 0 0 0 0
1016323200 0 0 0 0
1016236800 0 0 0 0
1016150400 0 0 0 0
1016064000 0 0 0 0
1015977600 0 0 0 0
1015891200 0 0 0 0
1015804800 0 0 0 0
1015718400 0 0 0 0
1015632000 0 0 0 0
1015545600 0 0 0 0
1015459200 0 0 0 0
1015372800 0 0 0 0
1015286400 0 0 0 0
1015200000 0 0 0 0
1015113600 0 0 0 0
1015027200 0 0 0 0
1014940800 0 0 0 0
1014854400 0 0 0 0
1014768000 0 0 0 0
1014681600 0 0 0 0
1014595200 0 0 0 0
1014508800 0 0 0 0
1014422400 0 0 0 0
1014336000 0 0 0 0
1014249600 0 0 0 0
1014163200 0 0 0 0
1014076800 0 0 0 0
1013990400 0 0 0 0
1013904000 0 0 0 0
1013817600 0 0 0 0
1013731200 0 0 0 0
1013644800 0 0 0 0
1013558400 0 0 0 0
1013472000 0 0 0 0
1013385600 0 0 0 0
1013299200 0 0 0 0
1013212800 0 0 0 0
1013126400 0 0 0 0
1013040000 0 0 0 0
1012953600 0 0 0 0
1012867200 0 0 0 0
1012780800 0 0 0 0
1012694400 0 0 0 0
1012608000 0 0 0 0
1012521600 0 0 0 0
1012435200 0 0 0 0
1012348800 0 0 0 0
1012262400 0 0 0 0
1012176000 0 0 0 0
1012089600 0 0 0 0
1012003200 0 0 0 0
1011916800 0 0 0 0
1011830400 0 0 0 0
1011744000 0 0 0 0
1011657600 0 0 0 0
1011571200 0 0 0 0
1011484800 0 0 0 0
1011398400 0 0 0 0
1011312000 0 0 0 0
1011225600 0 0 0 0
1011139200 0 0 0 0
1011052800 0 0 0 0
1010966400 0 0 0 0
1010880000 0 0 0 0
1010793600 0 0 0 0
1010707200 0 0 0 0
1010620800 0 0 0 0
1010534400 0 0 0 0
1010448000 0 0 0 0
1010361600 0 0 0 0
1010275200 0 0 0 0
1010188800 0 0 0 0
1010102400 0 0 0 0
1010016000 0 0 0 0
1009929600 0 0 0 0
1009843200 0 0 0 0
1009756800 0 0 0 0
1009670400 0 0 0 0
1009584000 0 0 0 0
1009497600 0 0 0 0
1009411200 0 0 0 0
1009324800 0 0 0 0
1009238400 0 0 0 0
1009152000 0 0 0 0
1009065600 0 0 0 0
1008979200 0 0 0 0
1008892800 0 0 0 0
1008806400 0 0 0 0
1008720000 0 0 0 0
1008633600 0 0 0 0
1008547200 0 0 0 0
1008460800 0 0 0 0
1008374400 0 0 0 0
1008288000 0 0 0 0
1008201600 0 0 0 0
1008115200 0 0 0 0
1008028800 0 0 0 0
1007942400 0 0 0 0
1007856000 0 0 0 0
1007769600 0 0 0 0
1007683200 0 0 0 0
1007596800 0 0 0 0
1007510400 0 0 0 0
1007424000 0 0 0 0
1007337600 0 0 0 0
1007251200 0 0 0 0
1007164800 0 0 0 0
1007078400 0 0 0 0
1006992000 0 0 0 0
1006905600 0 0 0 0
1006819200 0 0 0 0
1006732800 0 0 0 0
1006646400 0 0 0 0
1006560000 0 0 0 0
1006473600 0 0 0 0
1006387200 0 0 0 0
1006300800 0 0 0 0
1006214400 0 0 0 0
1006128000 0 0 0 0
1006041600 0 0 0 0
1005955200 0 0 0 0
1005868800 0 0 0 0
1005782400 0 0 0 0
1005696000 0 0 0 0
1005609600 0 0 0 0
1005523200 0 0 0 0
1005436800 0 0 0 0
1005350400 0 0 0 0
1005264000 0 0 0 0
1005177600 0 0 0 0
1005091200 0 0 0 0
1005004800 0 0 0 0
1004918400 0 0 0 0
1004832000 0 0 0 0
1004745600 0 0 0 0
1004659200 0 0 0 0
1004572800 0 0 0 0
1004486400 0 0 0 0
1004400000 0 0 0 0
1004313600 0 0 0 0
1004227200 0 0 0 0
1004140800 0 0 0 0
1004054400 0 0 0 0
1003968000 0 0 0 0
1003881600 0 0 0 0
1003795200 0 0 0 0
1003708800 0 0 0 0
1003622400 0 0 0 0
1003536000 0 0 0 0
1003449600 0 0 0 0
1003363200 0 0 0 0
1003276800 0 0 0 0
1003190400 0 0 0 0
1003104000 0 0 0 0
1003017600 0 0 0 0
1002931200 0 0 0 0
1002844800 0 0 0 0
1002758400 0 0 0 0
1002672000 0 0 0 0
1002585600 0 0 0 0
1002499200 0 0 0 0
1002412800 0 0 0 0
1002326400 0 0 0 0
1002240000 0 0 0 0
1002153600 0 0 0 0
1002067200 0 0 0 0
1001980800 0 0 0 0
1001894400 0 0 0 0
1001808000 0 0 0 0
1001721600 0 0 0 0
1001635200 0 0 0 0
1001548800 0 0 0 0
1001462400 0 0 0 0
1001376000 0 0 0 0
1001289600 0 0 0 0
1001203200 0 0 0 0
1001116800 0 0 0 0
1001030400 0 0 0 0
1000944000 0 0 0 0
1000857600 0 0 0 0
1000771200 0 0 0 0
1000684800 0 0 0 0
