1069424204 692 881
1069424204 692 881 692 881
1069423904 692 878 692 878
1069423800 692 878 692 879
1069423500 692 879 692 880
1069423200 680 873 692 880
1069422900 660 861 660 863
1069422600 660 861 660 863
1069422300 660 860 660 862
1069422000 660 862 660 863
1069421700 660 862 660 863
1069421400 657 859 660 861
1069421100 654 857 654 861
1069420800 654 861 654 861
1069420500 654 861 654 863
1069420200 654 861 654 863
1069419900 654 858 654 860
1069419600 625 846 654 860
1069419300 572 818 572 820
1069419000 572 819 572 823
1069418700 572 822 572 823
1069418400 572 819 572 821
1069418100 572 817 572 818
1069417800 566 805 572 818
1069417500 555 780 556 781
1069417200 554 779 555 780
1069416900 553 778 553 780
1069416600 551 779 553 780
1069416300 545 753 548 778
1069416000 641 813 703 879
1069415700 696 878 703 879
1069415400 692 878 692 878
1069415100 692 878 692 879
1069414800 692 877 692 879
1069414500 692 880 692 882
1069414200 692 880 692 882
1069413900 692 878 692 879
1069413600 692 879 692 881
1069413300 692 879 692 881
1069413000 692 879 692 879
1069412700 692 878 692 879
1069412400 692 878 692 879
1069412100 672 869 692 879
1069411800 660 864 660 865
1069411500 660 863 660 865
1069411200 660 862 660 863
1069410900 660 862 660 862
1069410600 660 862 660 863
1069410300 656 859 660 863
1069410000 654 859 654 860
1069409700 654 860 654 860
1069409400 654 859 654 860
1069409100 654 859 654 860
1069408800 654 859 654 860
1069408500 654 859 654 860
1069408200 603 835 654 860
1069407900 572 821 572 822
1069407600 572 819 572 822
1069407300 572 821 572 824
1069407000 572 821 572 824
1069406700 572 818 572 820
1069406400 562 795 572 818
1069406100 555 782 556 782
1069405800 553 781 555 782
1069405500 549 781 553 781
1069405200 548 781 548 781
1069404900 544 782 548 784
1069404600 540 786 542 788
1069404300 559 807 572 820
1069404000 562 794 572 820
1069403700 556 780 556 782
1069403400 555 781 556 782
1069403100 553 779 555 781
1069402800 549 780 553 782
1069402500 543 779 548 782
1069402200 541 733 541 778
1069401900 550 750 556 777
1069401600 556 778 556 779
1069401300 555 778 556 779
1069401000 553 779 555 780
1069400700 553 780 553 780
1069400400 553 780 553 780
1069400100 553 780 553 780
1069399800 553 780 553 780
1069399500 553 780 553 780
1069399200 553 780 553 780
1069398900 553 780 553 780
1069398600 553 780 553 780
1069398300 553 780 553 780
1069398000 553 780 553 780
1069397700 553 780 553 780
1069397400 553 780 553 780
1069397100 553 780 553 780
1069396800 553 780 553 780
1069396500 553 780 553 780
1069396200 553 780 553 780
1069395900 553 780 553 780
1069395600 553 780 553 780
1069395300 553 780 553 780
1069395000 553 780 553 780
1069394700 553 780 553 780
1069394400 553 780 553 780
1069394100 553 780 553 780
1069393800 553 780 553 780
1069393500 553 780 553 780
1069393200 553 780 553 780
1069392900 553 780 553 780
1069392600 553 780 553 780
1069392300 553 780 553 780
1069392000 553 780 553 780
1069391700 553 780 553 780
1069391400 553 780 553 780
1069391100 553 780 553 780
1069390800 553 780 553 780
1069390500 553 780 553 780
1069390200 553 780 553 780
1069389900 553 780 553 780
1069389600 553 780 553 780
1069389300 553 780 553 780
1069389000 553 780 553 780
1069388700 553 780 553 780
1069388400 553 780 553 780
1069388100 553 780 553 780
1069387800 553 780 553 780
1069387500 553 780 553 780
1069387200 553 780 553 780
1069386900 553 780 553 780
1069386600 553 780 553 780
1069386300 553 780 553 780
1069386000 553 780 553 780
1069385700 553 780 553 780
1069385400 553 780 553 780
1069385100 553 780 553 780
1069384800 553 780 553 780
1069384500 553 780 553 780
1069384200 553 780 553 780
1069383900 553 780 553 780
1069383600 553 780 553 780
1069383300 553 780 553 780
1069383000 553 780 553 780
1069382700 553 780 553 780
1069382400 553 780 553 780
1069382100 553 780 553 780
1069381800 553 780 553 780
1069381500 553 780 553 780
1069381200 553 780 553 780
1069380900 553 780 553 780
1069380600 553 780 553 780
1069380300 553 780 553 780
1069380000 553 780 553 780
1069379700 553 780 553 780
1069379400 553 780 553 780
1069379100 553 780 553 780
1069378800 553 780 553 780
1069378500 553 780 553 780
1069378200 553 780 553 780
1069377900 553 780 553 780
1069377600 553 780 553 780
1069377300 553 780 553 780
1069377000 553 780 553 780
1069376700 553 780 553 780
1069376400 553 780 553 780
1069376100 553 780 553 780
1069375800 553 780 553 780
1069375500 553 780 553 780
1069375200 553 780 553 780
1069374900 553 780 553 780
1069374600 553 780 553 780
1069374300 553 780 553 780
1069374000 553 780 553 780
1069373700 553 780 553 780
1069373400 553 780 553 780
1069373100 553 780 553 780
1069372800 553 780 553 780
1069372500 553 780 553 780
1069372200 553 780 553 780
1069371900 553 780 553 780
1069371600 553 780 553 780
1069371300 553 780 553 780
1069371000 553 780 553 780
1069370700 553 780 553 780
1069370400 553 780 553 780
1069370100 553 780 553 780
1069369800 553 780 553 780
1069369500 553 780 553 780
1069369200 553 780 553 780
1069368900 553 780 553 780
1069368600 553 780 553 780
1069368300 553 780 553 780
1069368000 553 780 553 780
1069367700 553 780 553 780
1069367400 553 780 553 780
1069367100 553 780 553 780
1069366800 553 780 553 780
1069366500 553 780 553 780
1069366200 553 780 553 780
1069365900 553 780 553 780
1069365600 553 780 553 780
1069365300 553 780 553 780
1069365000 553 780 553 780
1069364700 553 780 553 780
1069364400 553 780 553 780
1069364100 553 780 553 780
1069363800 553 780 553 780
1069363500 553 780 553 780
1069363200 553 780 553 780
1069362900 553 780 553 780
1069362600 553 780 553 780
1069362300 553 780 553 780
1069362000 553 780 553 780
1069361700 553 780 553 780
1069361400 553 780 553 780
1069361100 553 780 553 780
1069360800 553 780 553 780
1069360500 553 780 553 780
1069360200 553 780 553 780
1069359900 553 780 553 780
1069359600 553 780 553 780
1069359300 553 780 553 780
1069359000 553 780 553 780
1069358700 553 780 553 780
1069358400 553 780 553 780
1069358100 553 780 553 780
1069357800 553 780 553 780
1069357500 553 780 553 780
1069357200 553 780 553 780
1069356900 553 780 553 780
1069356600 553 780 553 780
1069356300 553 780 553 780
1069356000 553 780 553 780
1069355700 553 780 553 780
1069355400 553 780 553 780
1069355100 553 780 553 780
1069354800 553 780 553 780
1069354500 553 780 553 780
1069354200 553 780 553 780
1069353900 553 780 553 780
1069353600 553 780 553 780
1069353300 553 780 553 780
1069353000 553 780 553 780
1069352700 553 780 553 780
1069352400 553 780 553 780
1069352100 553 780 553 780
1069351800 553 780 553 780
1069351500 553 780 553 780
1069351200 553 780 553 780
1069350900 553 780 553 780
1069350600 553 780 553 780
1069350300 553 780 553 780
1069350000 553 780 553 780
1069349700 553 780 553 780
1069349400 553 780 553 780
1069349100 553 780 553 780
1069348800 553 780 553 780
1069348500 553 780 553 780
1069348200 553 780 553 780
1069347900 553 780 553 780
1069347600 553 780 553 780
1069347300 553 780 553 780
1069347000 553 780 553 780
1069346700 553 780 553 780
1069346400 553 780 553 780
1069346100 553 780 553 780
1069345800 553 780 553 780
1069345500 553 780 553 780
1069345200 553 780 553 780
1069344900 553 780 553 780
1069344600 553 780 553 780
1069344300 553 780 553 780
1069344000 553 780 553 780
1069343700 553 780 553 780
1069343400 553 780 553 780
1069343100 553 780 553 780
1069342800 553 780 553 780
1069342500 553 780 553 780
1069342200 553 780 553 780
1069341900 553 780 553 780
1069341600 553 780 553 780
1069341300 553 780 553 780
1069341000 553 780 553 780
1069340700 553 780 553 780
1069340400 553 780 553 780
1069340100 553 780 553 780
1069339800 553 780 553 780
1069339500 553 780 553 780
1069339200 553 780 553 780
1069338900 553 780 553 780
1069338600 553 780 553 780
1069338300 553 780 553 780
1069338000 553 780 553 780
1069337700 553 780 553 780
1069337400 553 780 553 780
1069337100 553 780 553 780
1069336800 553 780 553 780
1069336500 553 780 553 780
1069336200 553 780 553 780
1069335900 553 780 553 780
1069335600 553 780 553 780
1069335300 553 780 553 780
1069335000 553 780 553 780
1069334700 553 780 553 780
1069334400 553 780 553 780
1069334100 553 780 553 780
1069333800 553 780 553 780
1069333500 553 780 553 780
1069333200 553 780 553 780
1069332900 553 780 553 780
1069332600 553 780 553 780
1069332300 553 780 553 780
1069332000 553 780 553 780
1069331700 553 780 553 780
1069331400 553 780 553 780
1069331100 553 780 553 780
1069330800 553 780 553 780
1069330500 553 780 553 780
1069330200 553 780 553 780
1069329900 553 780 553 780
1069329600 553 780 553 780
1069329300 553 780 553 780
1069329000 553 780 553 780
1069328700 553 780 553 780
1069328400 553 780 553 780
1069328100 553 780 553 780
1069327800 553 780 553 780
1069327500 553 780 553 780
1069327200 553 780 553 780
1069326900 553 780 553 780
1069326600 553 780 553 780
1069326300 553 780 553 780
1069326000 553 780 553 780
1069325700 553 780 553 780
1069325400 553 780 553 780
1069325100 553 780 553 780
1069324800 553 780 553 780
1069324500 553 780 553 780
1069324200 553 780 553 780
1069323900 553 780 553 780
1069323600 553 780 553 780
1069323300 553 780 553 780
1069323000 553 780 553 780
1069322700 553 780 553 780
1069322400 553 780 553 780
1069322100 553 780 553 780
1069321800 553 780 553 780
1069321500 553 780 553 780
1069321200 553 780 553 780
1069320900 553 780 553 780
1069320600 553 780 553 780
1069320300 553 780 553 780
1069320000 553 780 553 780
1069319700 553 780 553 780
1069319400 553 780 553 780
1069319100 553 780 553 780
1069318800 553 780 553 780
1069318500 553 780 553 780
1069318200 553 780 553 780
1069317900 553 780 553 780
1069317600 553 780 553 780
1069317300 553 780 553 780
1069317000 553 780 553 780
1069316700 553 780 553 780
1069316400 553 780 553 780
1069316100 553 780 553 780
1069315800 553 780 553 780
1069315500 553 780 553 780
1069315200 553 780 553 780
1069314900 553 780 553 780
1069314600 553 780 553 780
1069314300 553 780 553 780
1069314000 553 780 553 780
1069313700 553 780 553 780
1069313400 553 780 553 780
1069313100 553 780 553 780
1069312800 553 780 553 780
1069312500 553 780 553 780
1069312200 553 780 553 780
1069311900 553 780 553 780
1069311600 553 780 553 780
1069311300 553 780 553 780
1069311000 553 780 553 780
1069310700 553 780 553 780
1069310400 553 780 553 780
1069310100 553 780 553 780
1069309800 553 780 553 780
1069309500 553 780 553 780
1069309200 553 780 553 780
1069308900 553 780 553 780
1069308600 553 780 553 780
1069308300 553 780 553 780
1069308000 553 780 553 780
1069307700 553 780 553 780
1069307400 553 780 553 780
1069307100 553 780 553 780
1069306800 553 780 553 780
1069306500 553 780 553 780
1069306200 553 780 553 780
1069305900 553 780 553 780
1069305600 553 780 553 780
1069305300 553 780 553 780
1069305000 553 780 553 780
1069304700 553 780 553 780
1069304400 553 780 553 780
1069304100 553 780 553 780
1069303800 553 780 553 780
1069303500 553 780 553 780
1069303200 553 780 553 780
1069302900 553 780 553 780
1069302600 553 780 553 780
1069302300 553 780 553 780
1069302000 553 780 553 780
1069301700 553 780 553 780
1069301400 553 780 553 780
1069301100 553 780 553 780
1069300800 553 780 553 780
1069300500 553 780 553 780
1069300200 553 780 553 780
1069299900 553 780 553 780
1069299600 553 780 553 780
1069299300 553 780 553 780
1069299000 553 780 553 780
1069298700 553 780 553 780
1069298400 553 780 553 780
1069298100 553 780 553 780
1069297800 553 780 553 780
1069297500 553 780 553 780
1069297200 553 780 553 780
1069296900 553 780 553 780
1069296600 553 780 553 780
1069296300 553 780 553 780
1069296000 553 780 553 780
1069295700 553 780 553 780
1069295400 553 780 553 780
1069295100 553 780 553 780
1069294800 553 780 553 780
1069294500 553 780 553 780
1069294200 553 780 553 780
1069293900 553 780 553 780
1069293600 553 780 553 780
1069293300 553 780 553 780
1069293000 553 780 553 780
1069292700 553 780 553 780
1069292400 553 780 553 780
1069292100 553 780 553 780
1069291800 553 780 553 780
1069291500 553 780 553 780
1069291200 553 780 553 780
1069290900 553 780 553 780
1069290600 553 780 553 780
1069290300 553 780 553 780
1069290000 553 780 553 780
1069289700 553 780 553 780
1069289400 553 780 553 780
1069289100 553 780 553 780
1069288800 553 780 553 780
1069288500 553 780 553 780
1069288200 553 780 553 780
1069287900 553 780 553 780
1069287600 553 780 553 780
1069287300 553 780 553 780
1069287000 553 780 553 780
1069286700 553 780 553 780
1069286400 553 780 553 780
1069286100 553 780 553 780
1069285800 553 780 553 780
1069285500 553 780 553 780
1069285200 553 780 553 780
1069284900 553 780 553 780
1069284600 553 780 553 780
1069284300 553 780 553 780
1069284000 553 780 553 780
1069283700 553 780 553 780
1069283400 553 780 553 780
1069283100 553 780 553 780
1069282800 553 780 553 780
1069282500 553 780 553 780
1069282200 553 780 553 780
1069281900 553 780 553 780
1069281600 553 780 553 780
1069281300 553 780 553 780
1069281000 553 780 553 780
1069280700 553 780 553 780
1069280400 553 780 553 780
1069280100 553 780 553 780
1069279800 553 780 553 780
1069279500 553 780 553 780
1069279200 553 780 553 780
1069278900 553 780 553 780
1069278600 553 780 553 780
1069278300 553 780 553 780
1069278000 553 780 553 780
1069277700 553 780 553 780
1069277400 553 780 553 780
1069277100 553 780 553 780
1069276800 553 780 553 780
1069276500 553 780 553 780
1069276200 553 780 553 780
1069275900 553 780 553 780
1069275600 553 780 553 780
1069275300 553 780 553 780
1069275000 553 780 553 780
1069274700 553 780 553 780
1069274400 553 780 553 780
1069274100 553 780 553 780
1069273800 553 780 553 780
1069273500 553 780 553 780
1069273200 553 780 553 780
1069272900 553 780 553 780
1069272600 553 780 553 780
1069272300 553 780 553 780
1069272000 553 780 553 780
1069271700 553 780 553 780
1069271400 553 780 553 780
1069271100 553 780 553 780
1069270800 553 780 553 780
1069270500 553 780 553 780
1069270200 553 780 553 780
1069269900 553 780 553 780
1069269600 553 780 553 780
1069269300 553 780 553 780
1069269000 553 780 553 780
1069268700 553 780 553 780
1069268400 553 780 553 780
1069268100 553 780 553 780
1069267800 553 780 553 780
1069267500 553 780 553 780
1069267200 553 780 553 780
1069266900 553 780 553 780
1069266600 553 780 553 780
1069266300 553 780 553 780
1069266000 553 780 553 780
1069265700 553 780 553 780
1069265400 553 780 553 780
1069265100 553 780 553 780
1069264800 553 780 553 780
1069264500 553 780 553 780
1069264200 553 780 553 780
1069263900 553 780 553 780
1069263600 553 780 553 780
1069263300 553 780 553 780
1069263000 553 780 553 780
1069262700 553 780 553 780
1069262400 553 780 553 780
1069262100 553 780 553 780
1069261800 553 780 553 780
1069261500 553 780 553 780
1069261200 553 780 553 780
1069260900 553 780 553 780
1069260600 553 780 553 780
1069260300 553 780 553 780
1069260000 553 780 553 780
1069259700 553 780 553 780
1069259400 553 780 553 780
1069259100 553 780 553 780
1069258800 553 780 553 780
1069258500 553 780 553 780
1069258200 553 780 553 780
1069257900 553 780 553 780
1069257600 553 780 553 780
1069257300 553 780 553 780
1069257000 553 780 553 780
1069256700 553 780 553 780
1069256400 553 780 553 780
1069256100 553 780 553 780
1069255800 553 780 553 780
1069255500 553 780 553 780
1069255200 553 780 553 780
1069254900 553 780 553 780
1069254600 553 780 553 780
1069254300 553 780 553 780
1069254000 553 780 553 780
1069253700 553 780 553 780
1069253400 553 780 553 780
1069253100 553 780 553 780
1069252800 553 780 553 780
1069252500 553 780 553 780
1069252200 553 780 553 780
1069251900 553 780 553 780
1069251600 553 780 553 780
1069251300 553 780 553 780
1069251000 553 780 553 780
1069250700 553 780 553 780
1069250400 553 780 553 780
1069250100 553 780 553 780
1069249800 553 780 553 780
1069249500 553 780 553 780
1069249200 553 780 553 780
1069248900 553 780 553 780
1069248600 553 780 553 780
1069248300 553 780 553 780
1069248000 553 780 553 780
1069247700 553 780 553 780
1069247400 553 780 553 780
1069247100 553 780 553 780
1069246800 553 780 553 780
1069246500 553 780 553 780
1069246200 553 780 553 780
1069245900 553 780 553 780
1069245600 553 780 553 780
1069245300 553 780 553 780
1069245000 553 780 553 780
1069244700 553 780 553 780
1069244400 553 780 553 780
1069244100 553 780 553 780
1069243200 553 780 553 780
1069241400 553 780 553 780
1069239600 553 780 553 780
1069237800 553 780 553 780
1069236000 553 780 553 780
1069234200 553 780 553 780
1069232400 553 780 553 780
1069230600 553 780 553 780
1069228800 553 780 553 780
1069227000 553 780 553 780
1069225200 553 780 553 780
1069223400 553 780 553 780
1069221600 553 780 553 780
1069219800 553 780 553 780
1069218000 553 780 553 780
1069216200 553 780 553 780
1069214400 553 780 553 780
1069212600 553 780 553 780
1069210800 553 780 553 780
1069209000 553 780 553 780
1069207200 553 780 553 780
1069205400 553 780 553 780
1069203600 553 780 553 780
1069201800 553 780 553 780
1069200000 553 780 553 780
1069198200 553 780 553 780
1069196400 553 780 553 780
1069194600 553 780 553 780
1069192800 553 780 553 780
1069191000 553 780 553 780
1069189200 553 780 553 780
1069187400 553 780 553 780
1069185600 553 780 553 780
1069183800 553 780 553 780
1069182000 553 780 553 780
1069180200 553 780 553 780
1069178400 553 780 553 780
1069176600 553 780 553 780
1069174800 553 780 553 780
1069173000 553 780 553 780
1069171200 553 780 553 780
1069169400 553 780 553 780
1069167600 553 780 553 780
1069165800 553 780 553 780
1069164000 553 780 553 780
1069162200 553 780 553 780
1069160400 553 780 553 780
1069158600 553 780 553 780
1069156800 553 780 553 780
1069155000 553 780 553 780
1069153200 553 780 553 780
1069151400 553 780 553 780
1069149600 553 780 553 780
1069147800 553 780 553 780
1069146000 553 780 553 780
1069144200 553 780 553 780
1069142400 553 780 553 780
1069140600 553 780 553 780
1069138800 553 780 553 780
1069137000 553 780 553 780
1069135200 553 780 553 780
1069133400 553 780 553 780
1069131600 553 780 553 780
1069129800 553 780 553 780
1069128000 553 780 553 780
1069126200 553 780 553 780
1069124400 553 780 553 780
1069122600 553 780 553 780
1069120800 553 780 553 780
1069119000 553 780 553 780
1069117200 553 780 553 780
1069115400 553 780 553 780
1069113600 553 780 553 780
1069111800 553 780 553 780
1069110000 553 780 553 780
1069108200 553 780 553 780
1069106400 553 780 553 780
1069104600 550 772 553 782
1069102800 557 793 572 822
1069101000 564 802 572 822
1069099200 547 756 555 786
1069097400 545 782 553 786
1069095600 563 807 572 823
1069093800 547 781 556 784
1069092000 547 781 555 783
1069090200 554 782 576 825
1069088400 556 793 572 824
1069086600 547 781 555 784
1069084800 568 827 585 884
1069083000 549 775 571 834
1069081200 564 821 579 835
1069079400 562 822 579 836
1069077600 562 813 572 829
1069075800 636 892 666 936
1069074000 600 884 659 918
1069072200 571 823 583 866
1069070400 562 785 653 859
1069068600 549 790 571 826
1069066800 541 782 541 782
1069065000 541 782 541 782
1069063200 541 782 541 782
1069061400 541 782 541 782
1069059600 541 782 541 782
1069057800 541 782 541 782
1069056000 541 782 541 782
1069054200 541 782 541 782
1069052400 541 782 541 782
1069050600 541 782 541 782
1069048800 541 782 541 782
1069047000 541 782 541 782
1069045200 541 782 541 782
1069043400 541 782 541 782
1069041600 541 782 541 782
1069039800 541 782 541 782
1069038000 541 782 541 782
1069036200 541 782 541 782
1069034400 541 782 541 782
1069032600 541 782 541 782
1069030800 541 782 541 782
1069029000 541 782 541 782
1069027200 541 782 541 782
1069025400 541 782 541 782
1069023600 541 782 541 782
1069021800 541 782 541 782
1069020000 541 782 541 782
1069018200 541 782 541 782
1069016400 541 782 541 782
1069014600 541 782 541 782
1069012800 541 782 541 782
1069011000 541 782 541 782
1069009200 541 782 541 782
1069007400 541 782 541 782
1069005600 541 782 541 782
1069003800 541 782 541 782
1069002000 541 782 541 782
1069000200 541 782 541 782
1068998400 541 782 541 782
1068996600 541 782 541 782
1068994800 541 782 541 782
1068993000 541 782 541 782
1068991200 541 782 541 782
1068989400 541 782 541 782
1068987600 541 782 541 782
1068985800 541 782 541 782
1068984000 541 782 541 782
1068982200 541 782 541 782
1068980400 541 782 541 782
1068978600 541 782 541 782
1068976800 541 782 541 782
1068975000 541 782 541 782
1068973200 541 782 541 782
1068971400 541 782 541 782
1068969600 541 782 541 782
1068967800 541 782 541 782
1068966000 541 782 541 782
1068964200 541 782 541 782
1068962400 541 782 541 782
1068960600 541 782 541 782
1068958800 541 782 541 782
1068957000 541 782 541 782
1068955200 541 782 541 782
1068953400 541 782 541 782
1068951600 541 782 541 782
1068949800 541 782 541 782
1068948000 541 782 541 782
1068946200 541 782 541 782
1068944400 541 782 541 782
1068942600 541 782 541 782
1068940800 541 782 541 782
1068939000 541 782 541 782
1068937200 541 782 541 782
1068935400 541 782 541 782
1068933600 541 782 541 782
1068931800 541 782 541 782
1068930000 541 782 541 782
1068928200 541 782 541 782
1068926400 541 782 541 782
1068924600 541 782 541 782
1068922800 541 782 541 782
1068921000 541 782 541 782
1068919200 541 782 541 782
1068917400 541 782 541 782
1068915600 541 782 541 782
1068913800 541 782 541 782
1068912000 541 782 541 782
1068910200 541 782 541 782
1068908400 541 782 541 782
1068906600 541 782 541 782
1068904800 541 782 541 782
1068903000 541 782 541 782
1068901200 541 782 541 782
1068899400 541 782 541 782
1068897600 541 782 541 782
1068895800 541 782 541 782
1068894000 541 782 541 782
1068892200 541 782 541 782
1068890400 541 782 541 782
1068888600 541 782 541 782
1068886800 541 782 541 782
1068885000 541 782 541 782
1068883200 541 782 541 782
1068881400 541 782 541 782
1068879600 541 782 541 782
1068877800 541 782 541 782
1068876000 541 782 541 782
1068874200 541 782 541 782
1068872400 541 782 541 782
1068870600 541 782 541 782
1068868800 541 782 541 782
1068867000 541 782 541 782
1068865200 541 782 541 782
1068863400 541 782 541 782
1068861600 541 782 541 782
1068859800 541 782 541 782
1068858000 541 782 541 782
1068856200 541 782 541 782
1068854400 541 782 541 782
1068852600 541 782 541 782
1068850800 541 782 541 782
1068849000 541 782 541 782
1068847200 541 782 541 782
1068845400 541 782 541 782
1068843600 541 782 541 782
1068841800 541 782 541 782
1068840000 541 782 541 782
1068838200 541 782 541 782
1068836400 541 782 541 782
1068834600 541 782 541 782
1068832800 541 782 541 782
1068831000 541 782 541 782
1068829200 541 782 541 782
1068827400 541 782 541 782
1068825600 541 782 541 782
1068823800 541 782 541 782
1068822000 541 782 541 782
1068820200 566 855 574 887
1068818400 562 816 574 872
1068816600 541 763 548 771
1068814800 548 771 548 771
1068813000 545 757 548 783
1068811200 544 767 553 793
1068809400 542 786 542 786
1068807600 542 786 542 786
1068805800 542 786 542 786
1068804000 542 786 542 786
1068802200 542 786 542 786
1068800400 542 786 542 786
1068798600 542 786 542 786
1068796800 542 786 542 786
1068795000 542 786 542 786
1068793200 542 786 542 786
1068791400 542 786 542 786
1068789600 542 786 542 786
1068787800 542 786 542 786
1068786000 542 786 542 786
1068784200 542 786 542 786
1068782400 542 786 542 786
1068780600 542 786 542 786
1068778800 542 786 542 786
1068777000 542 786 542 786
1068775200 542 786 542 786
1068773400 542 786 542 786
1068771600 542 786 542 786
1068769800 542 786 542 786
1068768000 542 786 542 786
1068766200 542 786 542 786
1068764400 542 786 542 786
1068762600 542 786 542 786
1068760800 542 786 542 786
1068759000 542 786 542 786
1068757200 542 786 542 786
1068755400 542 786 542 786
1068753600 542 786 542 786
1068751800 542 786 542 786
1068750000 542 786 542 786
1068748200 542 786 542 786
1068746400 542 786 542 786
1068744600 542 786 542 786
1068742800 542 786 542 786
1068741000 542 786 542 786
1068739200 542 786 542 786
1068737400 542 786 542 786
1068735600 542 786 542 786
1068733800 542 786 542 786
1068732000 542 786 542 786
1068730200 542 786 542 786
1068728400 542 786 542 786
1068726600 563 800 661 861
1068724800 573 821 580 832
1068723000 575 798 660 863
1068721200 660 862 660 863
1068719400 657 860 660 862
1068717600 622 844 654 861
1068715800 565 803 572 822
1068714000 547 767 553 793
1068712200 543 763 548 783
1068710400 541 783 541 783
1068708600 541 783 541 783
1068706800 541 783 541 783
1068705000 541 783 541 783
1068703200 541 783 541 783
1068701400 541 783 541 783
1068699600 541 783 541 783
1068697800 541 783 541 783
1068696000 541 783 541 783
1068694200 541 783 541 783
1068692400 541 783 541 783
1068690600 541 783 541 783
1068688800 541 783 541 783
1068687000 541 783 541 783
1068685200 541 783 541 783
1068683400 541 783 541 783
1068681600 541 783 541 783
1068679800 541 783 541 783
1068678000 541 783 541 783
1068676200 541 783 541 783
1068674400 541 783 541 783
1068672600 541 783 541 783
1068670800 541 783 541 783
1068669000 541 783 541 783
1068667200 578 832 670 958
1068665400 668 914 668 945
1068663600 633 883 668 916
1068661800 579 858 591 875
1068660000 551 782 577 830
1068658200 599 816 660 863
1068656400 656 858 660 862
1068654600 602 833 654 860
1068652800 560 795 572 823
1068651000 542 732 548 781
1068649200 619 834 667 903
1068647400 667 903 667 903
1068645600 667 903 667 903
1068643800 667 903 667 903
1068642000 667 903 667 903
1068640200 667 903 667 903
1068638400 667 903 667 903
1068636600 667 903 667 903
1068634800 667 903 667 903
1068633000 667 903 667 903
1068631200 667 903 667 903
1068629400 667 903 667 903
1068627600 667 903 667 903
1068625800 667 903 667 903
1068624000 667 903 667 903
1068622200 667 903 667 903
1068620400 667 903 667 903
1068618600 667 903 667 903
1068616800 667 903 667 903
1068615000 667 903 667 903
1068613200 667 903 667 903
1068611400 667 903 667 903
1068609600 667 903 667 903
1068607800 667 903 667 903
1068606000 667 903 667 903
1068604200 667 903 667 903
1068602400 667 903 667 903
1068600600 667 903 667 903
1068598800 667 903 667 903
1068597000 667 903 667 903
1068595200 667 903 667 903
1068593400 667 903 667 903
1068591600 667 903 667 903
1068589800 667 903 667 903
1068588000 667 903 667 903
1068586200 667 903 667 903
1068584400 667 903 667 903
1068582600 667 903 667 903
1068580800 667 903 667 903
1068579000 667 903 667 903
1068577200 667 903 667 903
1068575400 663 894 667 919
1068573600 596 829 654 859
1068571800 558 789 572 821
1068570000 545 758 553 780
1068568200 553 777 556 780
1068566400 617 866 732 1013
1068564600 732 1013 732 1013
1068562800 732 1013 732 1013
1068561000 732 1013 732 1013
1068559200 732 1013 732 1013
1068557400 732 1013 732 1013
1068555600 732 1013 732 1013
1068553800 732 1013 732 1013
1068552000 732 1013 732 1013
1068550200 732 1013 732 1013
1068548400 732 1013 732 1013
1068546600 732 1013 732 1013
1068544800 732 1013 732 1013
1068543000 732 1013 732 1013
1068541200 732 1013 732 1013
1068539400 732 1013 732 1013
1068537600 732 1013 732 1013
1068535800 732 1013 732 1013
1068534000 732 1013 732 1013
1068532200 732 1013 732 1013
1068530400 732 1013 732 1013
1068528600 732 1013 732 1013
1068526800 732 1013 732 1013
1068525000 732 1013 732 1013
1068523200 732 1013 732 1013
1068521400 732 1013 732 1013
1068519600 732 1013 732 1013
1068517800 732 1013 732 1013
1068516000 732 1013 732 1013
1068514200 732 1013 732 1013
1068512400 732 1013 732 1013
1068510600 732 1013 732 1013
1068508800 732 1013 732 1013
1068507000 732 1013 732 1013
1068505200 732 1013 732 1013
1068503400 732 1013 732 1013
1068501600 732 1013 732 1013
1068499800 732 1013 732 1013
1068498000 732 1013 732 1013
1068496200 732 1013 732 1013
1068494400 732 1013 732 1013
1068492600 732 1013 732 1013
1068490800 732 1013 732 1013
1068489000 732 1013 732 1013
1068487200 732 1013 732 1013
1068485400 732 1013 732 1013
1068483600 732 1013 732 1013
1068481800 732 1013 732 1013
1068480000 732 1013 732 1013
1068478200 732 1013 732 1013
1068476400 732 1013 732 1013
1068474600 732 1013 732 1013
1068472800 732 1013 732 1013
1068471000 732 1013 732 1013
1068469200 732 1013 732 1013
1068467400 732 1013 732 1013
1068465600 732 1013 732 1013
1068463800 732 1013 732 1013
1068462000 732 1013 732 1013
1068460200 732 1013 732 1013
1068458400 732 1013 732 1013
1068456600 732 1013 732 1013
1068454800 732 1013 732 1013
1068453000 732 1013 732 1013
1068451200 732 1013 732 1013
1068449400 732 1013 732 1013
1068447600 732 1013 732 1013
1068445800 732 1013 732 1013
1068444000 732 1013 732 1013
1068442200 732 1013 732 1013
1068440400 732 1013 732 1013
1068438600 732 1013 732 1013
1068436800 732 1013 732 1013
1068435000 732 1013 732 1013
1068433200 732 1013 732 1013
1068431400 732 1013 732 1013
1068429600 732 1013 732 1013
1068427800 732 1013 732 1013
1068426000 732 1013 732 1013
1068424200 732 1013 732 1013
1068422400 732 1013 732 1013
1068420600 732 1013 732 1013
1068418800 732 1013 732 1013
1068417000 732 1013 732 1013
1068415200 732 1013 732 1013
1068413400 732 1013 732 1013
1068411600 732 1013 732 1013
1068409800 732 1013 732 1013
1068408000 732 1013 732 1013
1068406200 732 1013 732 1013
1068404400 732 1013 732 1013
1068402600 732 1013 732 1013
1068400800 732 1013 732 1013
1068399000 732 1013 732 1013
1068397200 732 1013 732 1013
1068395400 732 1013 732 1013
1068393600 732 1013 732 1013
1068391800 732 1013 732 1013
1068390000 732 1013 732 1013
1068388200 732 1013 732 1013
1068386400 732 1013 732 1013
1068384600 732 1013 732 1013
1068382800 732 1013 732 1013
1068381000 732 1013 732 1013
1068379200 732 1013 732 1013
1068377400 732 1013 732 1013
1068375600 732 1013 732 1013
1068373800 732 1013 732 1013
1068372000 732 1013 732 1013
1068370200 732 1013 732 1013
1068368400 732 1013 732 1013
1068366600 732 1013 732 1013
1068364800 732 1013 732 1013
1068363000 732 1013 732 1013
1068361200 732 1013 732 1013
1068359400 732 1013 732 1013
1068357600 732 1013 732 1013
1068355800 732 1013 732 1013
1068354000 732 1013 732 1013
1068352200 732 1013 732 1013
1068350400 732 1013 732 1013
1068348600 732 1013 732 1013
1068346800 732 1013 732 1013
1068345000 732 1013 732 1013
1068343200 732 1013 732 1013
1068341400 732 1013 732 1013
1068339600 732 1013 732 1013
1068337800 732 1013 732 1013
1068336000 732 1013 732 1013
1068334200 732 1013 732 1013
1068332400 732 1013 732 1013
1068330600 732 1013 732 1013
1068328800 732 1013 732 1013
1068327000 732 1013 732 1013
1068325200 732 1013 732 1013
1068323400 732 1013 732 1013
1068321600 732 1013 732 1013
1068319800 732 1013 732 1013
1068318000 732 1013 732 1013
1068316200 732 1013 732 1013
1068314400 732 1013 732 1013
1068312600 732 1013 732 1013
1068310800 732 1013 732 1013
1068309000 732 1013 732 1013
1068307200 732 1013 732 1013
1068305400 732 1013 732 1013
1068303600 732 1013 732 1013
1068301800 732 1013 732 1013
1068300000 732 1013 732 1013
1068298200 732 1013 732 1013
1068296400 732 1013 732 1013
1068294600 732 1013 732 1013
1068292800 732 1013 732 1013
1068291000 732 1013 732 1013
1068289200 732 1013 732 1013
1068287400 732 1013 732 1013
1068285600 732 1013 732 1013
1068283800 732 1013 732 1013
1068282000 732 1013 732 1013
1068280200 732 1013 732 1013
1068278400 732 1013 732 1013
1068276600 732 1013 732 1013
1068274800 732 1013 732 1013
1068273000 732 1013 732 1013
1068271200 732 1013 732 1013
1068269400 732 1013 732 1013
1068267600 732 1013 732 1013
1068265800 732 1013 732 1013
1068264000 732 1013 732 1013
1068262200 732 1013 732 1013
1068260400 732 1013 732 1013
1068258600 732 1013 732 1013
1068256800 732 1013 732 1013
1068255000 732 1013 732 1013
1068253200 732 1013 732 1013
1068251400 732 1013 732 1013
1068249600 732 1013 732 1013
1068247800 732 1013 732 1013
1068246000 732 1013 732 1013
1068244200 732 1013 732 1013
1068242400 732 1013 732 1013
1068240600 732 1021 734 1053
1068238800 729 1002 729 1020
1068237000 727 978 729 1010
1068235200 725 938 727 956
1068233400 721 908 723 934
1068231600 713 894 720 906
1068229800 697 887 704 896
1068228000 690 891 693 943
1068226200 692 867 697 898
1068224400 689 894 695 923
1068222600 678 901 688 919
1068220800 673 884 678 919
1068219000 669 902 678 912
1068217200 667 919 669 951
1068215400 570 831 667 925
1068213600 540 827 540 831
1068211800 552 806 555 822
1068210000 545 750 565 805
1068208200 548 764 565 805
1068206400 556 776 572 802
1068204600 565 795 572 802
1068202800 548 753 554 767
1068201000 546 767 546 768
1068199200 546 768 546 768
1068197400 546 768 546 768
1068195600 546 768 546 768
1068193800 546 768 546 768
1068192000 546 768 546 768
1068190200 546 768 546 768
1068188400 546 768 546 768
1068186600 546 768 546 768
1068184800 546 768 546 768
1068183000 546 768 546 768
1068181200 546 768 546 768
1068179400 546 768 546 768
1068177600 546 768 546 768
1068175800 546 768 546 768
1068174000 546 768 546 768
1068172200 546 768 546 768
1068170400 546 768 546 768
1068168600 546 768 546 768
1068166800 546 768 546 768
1068165000 546 768 546 768
1068163200 546 768 546 768
1068156000 546 768 546 768
1068148800 546 761 575 815
1068141600 557 778 575 815
1068134400 540 725 554 788
1068127200 547 763 570 807
1068120000 558 769 570 800
1068112800 542 719 570 800
1068105600 539 703 539 703
1068098400 539 703 539 703
1068091200 539 703 539 703
1068084000 539 703 539 703
1068076800 539 703 539 703
1068069600 539 703 539 703
1068062400 539 703 539 703
1068055200 539 703 539 703
1068048000 539 703 539 703
1068040800 539 703 539 703
1068033600 539 703 539 703
1068026400 544 724 553 760
1068019200 553 760 553 760
1068012000 553 760 553 760
1068004800 553 760 553 760
1067997600 553 760 553 760
1067990400 553 760 553 760
1067983200 553 760 553 760
1067976000 553 760 553 760
1067968800 553 760 553 760
1067961600 608 804 690 858
1067954400 570 785 652 839
1067947200 564 768 652 839
1067940000 539 703 539 703
1067932800 539 703 539 703
1067925600 539 703 539 703
1067918400 539 703 539 703
1067911200 539 703 539 703
1067904000 539 703 539 703
1067896800 601 787 726 954
1067889600 627 821 726 941
1067882400 614 830 726 950
1067875200 546 761 546 761
1067868000 546 761 546 761
1067860800 546 761 546 761
1067853600 546 761 546 761
1067846400 546 761 546 761
1067839200 546 761 546 761
1067832000 546 761 546 761
1067824800 546 761 546 761
1067817600 546 761 546 761
1067810400 546 761 546 761
1067803200 546 761 546 761
1067796000 548 764 570 801
1067788800 549 764 570 818
1067781600 701 918 736 973
1067774400 1161 1503 4652 5857
1067767200 4652 5851 4652 5851
1067760000 4652 5851 4652 5851
1067752800 4652 5851 4652 5851
1067745600 4652 5851 4652 5851
1067738400 4652 5851 4652 5851
1067731200 4652 5851 4652 5851
1067724000 4652 5851 4652 5851
1067716800 4652 5851 4652 5851
1067709600 4652 5851 4652 5851
1067702400 4652 5851 4652 5851
1067695200 4652 5851 4652 5851
1067688000 4652 5851 4652 5851
1067680800 4652 5851 4652 5851
1067673600 4652 5851 4652 5851
1067666400 4652 5851 4652 5851
1067659200 4652 5851 4652 5851
1067652000 4652 5851 4652 5851
1067644800 4652 5851 4652 5851
1067637600 4652 5851 4652 5851
1067630400 4652 5851 4652 5851
1067623200 4652 5851 4652 5851
1067616000 4652 5851 4652 5851
1067608800 4652 5851 4652 5851
1067601600 4652 5851 4652 5851
1067594400 4652 5851 4652 5851
1067587200 4652 5851 4652 5851
1067580000 4652 5851 4652 5851
1067572800 4652 5851 4652 5851
1067565600 4652 5851 4652 5851
1067558400 4652 5851 4652 5851
1067551200 4652 5851 4652 5851
1067544000 4652 5851 4652 5851
1067536800 4652 5851 4652 5851
1067529600 4644 5833 4652 5853
1067522400 5446 6437 5538 6520
1067515200 5538 6520 5538 6520
1067508000 5538 6520 5538 6520
1067500800 5538 6520 5538 6520
1067493600 5538 6520 5538 6520
1067486400 5538 6520 5538 6520
1067479200 5538 6520 5538 6520
1067472000 5538 6520 5538 6520
1067464800 5538 6520 5538 6520
1067457600 5457 6426 5551 6520
1067450400 2707 3394 5365 6309
1067443200 158 357 158 357
1067436000 158 357 158 357
1067428800 158 357 158 357
1067421600 158 357 158 357
1067414400 158 357 158 357
1067407200 158 357 158 357
1067400000 158 357 158 357
1067392800 158 357 158 357
1067385600 158 357 158 357
1067378400 158 357 158 357
1067371200 158 357 158 357
1067364000 158 357 158 357
1067356800 158 357 158 357
1067349600 158 357 158 357
1067342400 158 357 158 357
1067335200 158 357 158 357
1067328000 158 357 158 357
1067320800 158 357 158 357
1067313600 158 357 158 357
1067306400 158 357 158 357
1067299200 158 357 158 357
1067292000 158 357 158 357
1067284800 158 357 158 357
1067277600 158 357 158 357
1067270400 158 357 158 357
1067263200 158 357 158 357
1067256000 158 357 158 357
1067248800 158 357 158 357
1067241600 158 357 158 357
1067234400 158 357 158 357
1067227200 158 357 158 357
1067220000 158 357 158 357
1067212800 158 357 158 357
1067205600 158 357 158 357
1067198400 158 357 158 357
1067191200 158 357 158 357
1067184000 158 357 158 357
1067176800 158 357 158 357
1067169600 158 357 158 357
1067162400 158 357 158 357
1067155200 158 357 158 357
1067148000 158 357 158 357
1067140800 158 357 158 357
1067133600 158 357 158 357
1067126400 158 357 158 357
1067119200 158 357 158 357
1067112000 158 357 158 357
1067104800 158 357 158 357
1067097600 158 357 158 357
1067090400 158 357 158 357
1067083200 158 357 158 357
1067076000 158 357 158 357
1067068800 158 357 158 357
1067061600 158 357 158 357
1067054400 158 357 158 357
1067047200 158 357 158 357
1067040000 158 357 158 357
1067032800 158 357 158 357
1067025600 158 357 158 357
1067018400 158 357 158 357
1067011200 158 357 158 357
1067004000 158 357 158 357
1066996800 158 357 158 357
1066989600 158 357 158 357
1066982400 158 357 158 357
1066975200 158 357 158 357
1066968000 158 357 158 357
1066960800 158 357 158 357
1066953600 158 357 158 357
1066946400 158 357 158 357
1066939200 158 357 158 357
1066932000 158 357 158 357
1066924800 158 357 158 357
1066917600 158 357 158 357
1066910400 158 357 158 357
1066903200 158 357 158 357
1066896000 158 357 158 357
1066888800 158 357 158 357
1066881600 158 357 158 357
1066874400 158 357 158 357
1066867200 158 357 158 357
1066860000 158 357 158 357
1066852800 158 357 158 357
1066845600 158 357 158 357
1066838400 158 357 158 357
1066831200 158 357 158 357
1066824000 158 357 158 357
1066816800 158 357 158 357
1066809600 158 357 158 357
1066802400 158 357 158 357
1066795200 158 357 158 357
1066788000 158 357 158 357
1066780800 158 357 158 357
1066773600 158 357 158 357
1066766400 158 357 158 357
1066759200 158 357 158 357
1066752000 158 357 158 357
1066744800 158 357 158 357
1066737600 158 357 158 357
1066730400 158 357 158 357
1066723200 158 357 158 357
1066716000 158 357 158 357
1066708800 158 357 158 357
1066701600 158 357 158 357
1066694400 158 357 158 357
1066687200 158 357 158 357
1066680000 158 357 158 357
1066672800 158 357 158 357
1066665600 158 357 158 357
1066658400 158 357 158 357
1066651200 158 357 158 357
1066644000 158 357 158 357
1066636800 158 357 158 357
1066629600 158 357 158 357
1066622400 158 357 158 357
1066615200 158 357 158 357
1066608000 158 357 158 357
1066600800 158 357 158 357
1066593600 158 357 158 357
1066586400 158 357 158 357
1066579200 158 357 158 357
1066572000 158 357 158 357
1066564800 158 357 158 357
1066557600 158 357 158 357
1066550400 158 357 158 357
1066543200 158 357 158 357
1066536000 158 357 158 357
1066528800 158 357 158 357
1066521600 158 357 158 357
1066514400 158 357 158 357
1066507200 158 357 158 357
1066500000 158 357 158 357
1066492800 158 357 158 357
1066485600 158 357 158 357
1066478400 158 357 158 357
1066471200 158 357 158 357
1066464000 158 357 158 357
1066456800 158 357 158 357
1066449600 158 357 158 357
1066442400 158 357 158 357
1066435200 158 357 158 357
1066428000 158 357 158 357
1066420800 158 357 158 357
1066413600 158 357 158 357
1066406400 158 357 158 357
1066399200 158 357 158 357
1066392000 158 357 158 357
1066384800 158 357 158 357
1066377600 158 357 158 357
1066370400 158 357 158 357
1066363200 158 357 158 357
1066356000 158 357 158 357
1066348800 158 357 158 357
1066341600 158 357 158 357
1066334400 158 357 158 357
1066327200 158 357 158 357
1066320000 158 357 158 357
1066312800 158 357 158 357
1066305600 158 357 158 357
1066298400 158 357 158 357
1066291200 158 357 158 357
1066284000 158 357 158 357
1066276800 158 357 158 357
1066269600 158 357 158 357
1066262400 158 357 158 357
1066255200 158 357 158 357
1066248000 158 357 158 357
1066240800 158 357 158 357
1066233600 158 357 158 357
1066226400 158 357 158 357
1066219200 158 357 158 357
1066212000 158 357 158 357
1066204800 158 357 158 357
1066197600 158 357 158 357
1066190400 158 357 158 357
1066183200 158 357 158 357
1066176000 158 357 158 357
1066168800 158 357 158 357
1066161600 158 357 158 357
1066154400 158 357 158 357
1066147200 158 357 158 357
1066140000 158 357 158 357
1066132800 158 357 158 357
1066125600 158 357 158 357
1066118400 158 357 158 357
1066111200 158 357 158 357
1066104000 158 357 158 357
1066096800 158 357 158 357
1066089600 158 357 158 357
1066082400 158 357 158 357
1066075200 158 357 158 357
1066068000 158 357 158 357
1066060800 158 357 158 357
1066053600 158 357 158 357
1066046400 158 357 158 357
1066039200 158 357 158 357
1066032000 158 357 158 357
1066024800 158 357 158 357
1066017600 158 357 158 357
1066010400 158 357 158 357
1066003200 158 357 158 357
1065996000 158 357 158 357
1065988800 158 357 158 357
1065981600 158 357 158 357
1065974400 158 357 158 357
1065967200 158 357 158 357
1065960000 158 357 158 357
1065952800 158 357 158 357
1065945600 158 357 158 357
1065938400 158 357 158 357
1065931200 158 357 158 357
1065924000 158 357 158 357
1065916800 158 357 158 357
1065909600 158 357 158 357
1065902400 158 357 158 357
1065895200 158 357 158 357
1065888000 158 357 158 357
1065880800 158 357 158 357
1065873600 158 357 158 357
1065866400 158 357 158 357
1065859200 158 357 158 357
1065852000 158 357 158 357
1065844800 158 357 158 357
1065837600 158 357 158 357
1065830400 158 357 158 357
1065823200 158 357 158 357
1065816000 158 357 158 357
1065808800 158 357 158 357
1065801600 158 357 158 357
1065794400 158 357 158 357
1065787200 158 357 158 357
1065780000 158 357 158 357
1065772800 158 357 158 357
1065765600 158 357 158 357
1065758400 158 357 158 357
1065751200 158 357 158 357
1065744000 158 357 158 357
1065736800 158 357 158 357
1065729600 158 357 158 357
1065722400 158 357 158 357
1065715200 158 357 158 357
1065708000 158 357 158 357
1065700800 158 357 158 357
1065693600 158 357 158 357
1065686400 158 357 158 357
1065679200 158 357 158 357
1065672000 158 357 158 357
1065664800 158 357 158 357
1065657600 158 357 158 357
1065650400 158 357 158 357
1065643200 158 357 158 357
1065636000 158 357 158 357
1065628800 158 357 158 357
1065621600 158 357 158 357
1065614400 158 357 158 357
1065607200 158 357 158 357
1065600000 158 357 158 357
1065592800 158 357 158 357
1065585600 158 357 158 357
1065578400 158 357 158 357
1065571200 158 357 158 357
1065564000 158 357 158 357
1065556800 158 357 158 357
1065549600 158 357 158 357
1065542400 158 357 158 357
1065535200 158 357 158 357
1065528000 158 357 158 357
1065520800 158 357 158 357
1065513600 158 357 158 357
1065506400 158 357 158 357
1065499200 158 357 158 357
1065492000 158 357 158 357
1065484800 158 357 158 357
1065477600 158 357 158 357
1065470400 158 357 158 357
1065463200 158 357 158 357
1065456000 158 357 158 357
1065448800 158 357 158 357
1065441600 158 357 158 357
1065434400 158 357 158 357
1065427200 158 357 158 357
1065420000 158 357 158 357
1065412800 158 357 158 357
1065405600 158 357 158 357
1065398400 158 357 158 357
1065391200 158 357 158 357
1065384000 158 357 158 357
1065376800 158 357 158 357
1065369600 158 357 158 357
1065362400 158 357 158 357
1065355200 158 357 158 357
1065348000 158 357 158 357
1065340800 158 357 158 357
1065333600 158 357 158 357
1065326400 158 357 158 357
1065319200 158 357 158 357
1065312000 158 357 158 357
1065304800 158 357 158 357
1065297600 158 357 158 357
1065290400 158 357 158 357
1065283200 158 357 158 357
1065276000 158 357 158 357
1065268800 158 357 158 357
1065261600 158 357 158 357
1065254400 158 357 158 357
1065247200 158 357 158 357
1065240000 158 357 158 357
1065232800 158 357 158 357
1065225600 158 357 158 357
1065218400 158 357 158 357
1065211200 158 357 158 357
1065204000 158 357 158 357
1065196800 158 357 158 357
1065189600 158 357 158 357
1065182400 158 357 158 357
1065175200 158 357 158 357
1065168000 158 357 158 357
1065160800 158 357 158 357
1065153600 158 357 158 357
1065146400 158 357 158 357
1065139200 158 357 158 357
1065132000 158 357 158 357
1065124800 158 357 158 357
1065117600 158 357 158 357
1065110400 158 357 158 357
1065103200 158 357 158 357
1065096000 158 357 158 357
1065088800 158 357 158 357
1065081600 158 357 158 357
1065074400 158 357 158 357
1065067200 158 357 158 357
1065060000 158 357 158 357
1065052800 158 357 158 357
1065045600 158 357 158 357
1065038400 158 357 158 357
1065031200 158 357 158 357
1065024000 158 357 158 357
1065016800 158 357 158 357
1065009600 158 357 158 357
1065002400 158 357 158 357
1064995200 158 357 158 357
1064988000 158 357 158 357
1064980800 158 357 158 357
1064973600 158 357 158 357
1064966400 158 357 158 357
1064959200 158 357 158 357
1064952000 158 357 158 357
1064944800 158 357 158 357
1064937600 158 357 158 357
1064930400 158 357 158 357
1064923200 158 357 158 357
1064916000 158 357 158 357
1064908800 158 357 158 357
1064901600 158 357 158 357
1064894400 158 357 158 357
1064887200 158 357 158 357
1064880000 158 357 158 357
1064872800 158 357 158 357
1064865600 158 357 158 357
1064858400 158 357 158 357
1064851200 158 357 158 357
1064844000 158 357 158 357
1064836800 158 357 158 357
1064829600 158 357 158 357
1064822400 158 357 158 357
1064815200 158 357 158 357
1064808000 158 357 158 357
1064800800 158 357 158 357
1064793600 158 357 158 357
1064786400 158 357 158 357
1064779200 158 357 158 357
1064772000 158 357 158 357
1064764800 158 357 158 357
1064757600 158 357 158 357
1064750400 158 357 158 357
1064743200 158 357 158 357
1064736000 158 357 158 357
1064728800 158 357 158 357
1064721600 158 357 158 357
1064714400 158 357 158 357
1064707200 158 357 158 357
1064700000 158 357 158 357
1064692800 158 357 158 357
1064685600 158 357 158 357
1064678400 156 343 174 366
1064671200 174 366 174 366
1064664000 174 366 174 366
1064656800 174 366 174 366
1064649600 174 366 174 366
1064642400 174 366 174 366
1064635200 174 366 174 366
1064628000 174 366 174 366
1064620800 174 366 174 366
1064613600 174 366 174 366
1064606400 174 366 174 366
1064599200 174 366 174 366
1064592000 174 366 174 366
1064584800 174 366 174 366
1064577600 174 366 174 366
1064570400 174 366 174 366
1064563200 174 366 174 366
1064556000 174 366 174 366
1064548800 174 366 174 366
1064541600 174 366 174 366
1064534400 174 366 174 366
1064527200 174 366 174 366
1064520000 174 366 174 366
1064512800 174 366 174 366
1064505600 174 366 174 366
1064498400 174 366 174 366
1064491200 174 366 174 366
1064484000 174 366 174 366
1064476800 174 366 174 366
1064469600 174 366 174 366
1064462400 174 366 174 366
1064455200 174 366 174 366
1064448000 174 366 174 366
1064440800 174 366 174 366
1064433600 174 366 174 366
1064426400 174 366 174 366
1064419200 174 366 174 366
1064412000 174 366 174 366
1064404800 174 366 174 366
1064397600 174 366 174 366
1064390400 174 366 174 366
1064383200 174 366 174 366
1064376000 174 366 174 366
1064368800 174 366 174 366
1064361600 174 366 174 366
1064354400 174 366 174 366
1064347200 174 366 174 366
1064340000 174 366 174 366
1064332800 174 366 174 366
1064325600 174 366 174 366
1064318400 174 366 174 366
1064311200 174 366 174 366
1064304000 174 366 174 366
1064296800 174 366 174 366
1064289600 174 366 174 366
1064282400 174 366 174 366
1064275200 174 366 174 366
1064268000 174 366 174 366
1064260800 173 365 174 366
1064253600 157 348 172 363
1064246400 169 363 169 363
1064239200 167 362 169 363
1064232000 139 320 163 369
1064224800 131 319 158 369
1064217600 127 317 127 317
1064210400 127 317 127 317
1064203200 127 317 127 317
1064196000 127 317 127 317
1064188800 127 317 127 317
1064181600 127 317 127 317
1064174400 127 317 127 317
1064167200 127 317 127 317
1064160000 127 317 127 317
1064152800 127 317 127 317
1064145600 127 317 127 317
1064138400 127 317 127 317
1064131200 127 317 127 317
1064124000 127 317 127 317
1064116800 127 317 127 317
1064109600 127 317 127 317
1064102400 127 317 127 317
1064095200 127 317 127 317
1064088000 127 317 127 317
1064080800 127 317 127 317
1064073600 126 308 134 324
1064066400 143 318 171 375
1064059200 2988 3392 5258 5828
1064052000 2939 3450 5258 5828
1064044800 114 288 114 288
1064037600 114 288 114 288
1064030400 114 288 114 288
1064023200 114 288 114 288
1064016000 114 288 114 288
1064008800 114 288 114 288
1064001600 114 288 114 288
1063994400 114 288 114 288
1063987200 114 288 114 288
1063980000 114 288 114 288
1063972800 114 288 114 288
1063965600 124 302 141 326
1063958400 138 322 158 357
1063951200 141 330 141 330
1063944000 141 330 141 330
1063936800 141 330 141 330
1063929600 141 330 141 330
1063922400 52 124 141 330
1063915200 0 0 0 0
1063908000 0 0 0 0
1063900800 0 0 0 0
1063893600 0 0 0 0
1063886400 0 0 0 0
1063879200 0 0 0 0
1063872000 0 0 0 0
1063864800 0 0 0 0
1063857600 0 0 0 0
1063850400 0 0 0 0
1063843200 0 0 0 0
1063756800 0 0 0 0
1063670400 0 0 0 0
1063584000 0 0 0 0
1063497600 0 0 0 0
1063411200 0 0 0 0
1063324800 0 0 0 0
1063238400 0 0 0 0
1063152000 0 0 0 0
1063065600 0 0 0 0
1062979200 0 0 0 0
1062892800 0 0 0 0
1062806400 0 0 0 0
1062720000 0 0 0 0
1062633600 0 0 0 0
1062547200 0 0 0 0
1062460800 0 0 0 0
1062374400 0 0 0 0
1062288000 0 0 0 0
1062201600 0 0 0 0
1062115200 0 0 0 0
1062028800 0 0 0 0
1061942400 0 0 0 0
1061856000 0 0 0 0
1061769600 0 0 0 0
1061683200 0 0 0 0
1061596800 0 0 0 0
1061510400 0 0 0 0
1061424000 0 0 0 0
1061337600 0 0 0 0
1061251200 0 0 0 0
1061164800 0 0 0 0
1061078400 0 0 0 0
1060992000 0 0 0 0
1060905600 0 0 0 0
1060819200 0 0 0 0
1060732800 0 0 0 0
1060646400 0 0 0 0
1060560000 0 0 0 0
1060473600 0 0 0 0
1060387200 0 0 0 0
1060300800 0 0 0 0
1060214400 0 0 0 0
1060128000 0 0 0 0
1060041600 0 0 0 0
1059955200 0 0 0 0
1059868800 0 0 0 0
1059782400 0 0 0 0
1059696000 0 0 0 0
1059609600 0 0 0 0
1059523200 0 0 0 0
1059436800 0 0 0 0
1059350400 0 0 0 0
1059264000 0 0 0 0
1059177600 0 0 0 0
1059091200 0 0 0 0
1059004800 0 0 0 0
1058918400 0 0 0 0
1058832000 0 0 0 0
1058745600 0 0 0 0
1058659200 0 0 0 0
1058572800 0 0 0 0
1058486400 0 0 0 0
1058400000 0 0 0 0
1058313600 0 0 0 0
1058227200 0 0 0 0
1058140800 0 0 0 0
1058054400 0 0 0 0
1057968000 0 0 0 0
1057881600 0 0 0 0
1057795200 0 0 0 0
1057708800 0 0 0 0
1057622400 0 0 0 0
1057536000 0 0 0 0
1057449600 0 0 0 0
1057363200 0 0 0 0
1057276800 0 0 0 0
1057190400 0 0 0 0
1057104000 0 0 0 0
1057017600 0 0 0 0
1056931200 0 0 0 0
1056844800 0 0 0 0
1056758400 0 0 0 0
1056672000 0 0 0 0
1056585600 0 0 0 0
1056499200 0 0 0 0
1056412800 0 0 0 0
1056326400 0 0 0 0
1056240000 0 0 0 0
1056153600 0 0 0 0
1056067200 0 0 0 0
1055980800 0 0 0 0
1055894400 0 0 0 0
1055808000 0 0 0 0
1055721600 0 0 0 0
1055635200 0 0 0 0
1055548800 0 0 0 0
1055462400 0 0 0 0
1055376000 0 0 0 0
1055289600 0 0 0 0
1055203200 0 0 0 0
1055116800 0 0 0 0
1055030400 0 0 0 0
1054944000 0 0 0 0
1054857600 0 0 0 0
1054771200 0 0 0 0
1054684800 0 0 0 0
1054598400 0 0 0 0
1054512000 0 0 0 0
1054425600 0 0 0 0
1054339200 0 0 0 0
1054252800 0 0 0 0
1054166400 0 0 0 0
1054080000 0 0 0 0
1053993600 0 0 0 0
1053907200 0 0 0 0
1053820800 0 0 0 0
1053734400 0 0 0 0
1053648000 0 0 0 0
1053561600 0 0 0 0
1053475200 0 0 0 0
1053388800 0 0 0 0
1053302400 0 0 0 0
1053216000 0 0 0 0
1053129600 0 0 0 0
1053043200 0 0 0 0
1052956800 0 0 0 0
1052870400 0 0 0 0
1052784000 0 0 0 0
1052697600 0 0 0 0
1052611200 0 0 0 0
1052524800 0 0 0 0
1052438400 0 0 0 0
1052352000 0 0 0 0
1052265600 0 0 0 0
1052179200 0 0 0 0
1052092800 0 0 0 0
1052006400 0 0 0 0
1051920000 0 0 0 0
1051833600 0 0 0 0
1051747200 0 0 0 0
1051660800 0 0 0 0
1051574400 0 0 0 0
1051488000 0 0 0 0
1051401600 0 0 0 0
1051315200 0 0 0 0
1051228800 0 0 0 0
1051142400 0 0 0 0
1051056000 0 0 0 0
1050969600 0 0 0 0
1050883200 0 0 0 0
1050796800 0 0 0 0
1050710400 0 0 0 0
1050624000 0 0 0 0
1050537600 0 0 0 0
1050451200 0 0 0 0
1050364800 0 0 0 0
1050278400 0 0 0 0
1050192000 0 0 0 0
1050105600 0 0 0 0
1050019200 0 0 0 0
1049932800 0 0 0 0
1049846400 0 0 0 0
1049760000 0 0 0 0
1049673600 0 0 0 0
1049587200 0 0 0 0
1049500800 0 0 0 0
1049414400 0 0 0 0
1049328000 0 0 0 0
1049241600 0 0 0 0
1049155200 0 0 0 0
1049068800 0 0 0 0
1048982400 0 0 0 0
1048896000 0 0 0 0
1048809600 0 0 0 0
1048723200 0 0 0 0
1048636800 0 0 0 0
1048550400 0 0 0 0
1048464000 0 0 0 0
1048377600 0 0 0 0
1048291200 0 0 0 0
1048204800 0 0 0 0
1048118400 0 0 0 0
1048032000 0 0 0 0
1047945600 0 0 0 0
1047859200 0 0 0 0
1047772800 0 0 0 0
1047686400 0 0 0 0
1047600000 0 0 0 0
1047513600 0 0 0 0
1047427200 0 0 0 0
1047340800 0 0 0 0
1047254400 0 0 0 0
1047168000 0 0 0 0
1047081600 0 0 0 0
1046995200 0 0 0 0
1046908800 0 0 0 0
1046822400 0 0 0 0
1046736000 0 0 0 0
1046649600 0 0 0 0
1046563200 0 0 0 0
1046476800 0 0 0 0
1046390400 0 0 0 0
1046304000 0 0 0 0
1046217600 0 0 0 0
1046131200 0 0 0 0
1046044800 0 0 0 0
1045958400 0 0 0 0
1045872000 0 0 0 0
1045785600 0 0 0 0
1045699200 0 0 0 0
1045612800 0 0 0 0
1045526400 0 0 0 0
1045440000 0 0 0 0
1045353600 0 0 0 0
1045267200 0 0 0 0
1045180800 0 0 0 0
1045094400 0 0 0 0
1045008000 0 0 0 0
1044921600 0 0 0 0
1044835200 0 0 0 0
1044748800 0 0 0 0
1044662400 0 0 0 0
1044576000 0 0 0 0
1044489600 0 0 0 0
1044403200 0 0 0 0
1044316800 0 0 0 0
1044230400 0 0 0 0
1044144000 0 0 0 0
1044057600 0 0 0 0
1043971200 0 0 0 0
1043884800 0 0 0 0
1043798400 0 0 0 0
1043712000 0 0 0 0
1043625600 0 0 0 0
1043539200 0 0 0 0
1043452800 0 0 0 0
1043366400 0 0 0 0
1043280000 0 0 0 0
1043193600 0 0 0 0
1043107200 0 0 0 0
1043020800 0 0 0 0
1042934400 0 0 0 0
1042848000 0 0 0 0
1042761600 0 0 0 0
1042675200 0 0 0 0
1042588800 0 0 0 0
1042502400 0 0 0 0
1042416000 0 0 0 0
1042329600 0 0 0 0
1042243200 0 0 0 0
1042156800 0 0 0 0
1042070400 0 0 0 0
1041984000 0 0 0 0
1041897600 0 0 0 0
1041811200 0 0 0 0
1041724800 0 0 0 0
1041638400 0 0 0 0
1041552000 0 0 0 0
1041465600 0 0 0 0
1041379200 0 0 0 0
1041292800 0 0 0 0
1041206400 0 0 0 0
1041120000 0 0 0 0
1041033600 0 0 0 0
1040947200 0 0 0 0
1040860800 0 0 0 0
1040774400 0 0 0 0
1040688000 0 0 0 0
1040601600 0 0 0 0
1040515200 0 0 0 0
1040428800 0 0 0 0
1040342400 0 0 0 0
1040256000 0 0 0 0
1040169600 0 0 0 0
1040083200 0 0 0 0
1039996800 0 0 0 0
1039910400 0 0 0 0
1039824000 0 0 0 0
1039737600 0 0 0 0
1039651200 0 0 0 0
1039564800 0 0 0 0
1039478400 0 0 0 0
1039392000 0 0 0 0
1039305600 0 0 0 0
1039219200 0 0 0 0
1039132800 0 0 0 0
1039046400 0 0 0 0
1038960000 0 0 0 0
1038873600 0 0 0 0
1038787200 0 0 0 0
1038700800 0 0 0 0
1038614400 0 0 0 0
1038528000 0 0 0 0
1038441600 0 0 0 0
1038355200 0 0 0 0
1038268800 0 0 0 0
1038182400 0 0 0 0
1038096000 0 0 0 0
1038009600 0 0 0 0
1037923200 0 0 0 0
1037836800 0 0 0 0
1037750400 0 0 0 0
1037664000 0 0 0 0
1037577600 0 0 0 0
1037491200 0 0 0 0
1037404800 0 0 0 0
1037318400 0 0 0 0
1037232000 0 0 0 0
1037145600 0 0 0 0
1037059200 0 0 0 0
1036972800 0 0 0 0
1036886400 0 0 0 0
1036800000 0 0 0 0
1036713600 0 0 0 0
1036627200 0 0 0 0
1036540800 0 0 0 0
1036454400 0 0 0 0
1036368000 0 0 0 0
1036281600 0 0 0 0
1036195200 0 0 0 0
1036108800 0 0 0 0
1036022400 0 0 0 0
1035936000 0 0 0 0
1035849600 0 0 0 0
1035763200 0 0 0 0
1035676800 0 0 0 0
1035590400 0 0 0 0
1035504000 0 0 0 0
1035417600 0 0 0 0
1035331200 0 0 0 0
1035244800 0 0 0 0
1035158400 0 0 0 0
1035072000 0 0 0 0
1034985600 0 0 0 0
1034899200 0 0 0 0
1034812800 0 0 0 0
1034726400 0 0 0 0
1034640000 0 0 0 0
1034553600 0 0 0 0
1034467200 0 0 0 0
1034380800 0 0 0 0
1034294400 0 0 0 0
1034208000 0 0 0 0
1034121600 0 0 0 0
1034035200 0 0 0 0
1033948800 0 0 0 0
1033862400 0 0 0 0
1033776000 0 0 0 0
1033689600 0 0 0 0
1033603200 0 0 0 0
1033516800 0 0 0 0
1033430400 0 0 0 0
1033344000 0 0 0 0
1033257600 0 0 0 0
1033171200 0 0 0 0
1033084800 0 0 0 0
1032998400 0 0 0 0
1032912000 0 0 0 0
1032825600 0 0 0 0
1032739200 0 0 0 0
1032652800 0 0 0 0
1032566400 0 0 0 0
1032480000 0 0 0 0
1032393600 0 0 0 0
1032307200 0 0 0 0
1032220800 0 0 0 0
1032134400 0 0 0 0
1032048000 0 0 0 0
1031961600 0 0 0 0
1031875200 0 0 0 0
1031788800 0 0 0 0
1031702400 0 0 0 0
1031616000 0 0 0 0
1031529600 0 0 0 0
1031443200 0 0 0 0
1031356800 0 0 0 0
1031270400 0 0 0 0
1031184000 0 0 0 0
1031097600 0 0 0 0
1031011200 0 0 0 0
1030924800 0 0 0 0
1030838400 0 0 0 0
1030752000 0 0 0 0
1030665600 0 0 0 0
1030579200 0 0 0 0
1030492800 0 0 0 0
1030406400 0 0 0 0
1030320000 0 0 0 0
1030233600 0 0 0 0
1030147200 0 0 0 0
1030060800 0 0 0 0
1029974400 0 0 0 0
1029888000 0 0 0 0
1029801600 0 0 0 0
1029715200 0 0 0 0
1029628800 0 0 0 0
1029542400 0 0 0 0
1029456000 0 0 0 0
1029369600 0 0 0 0
1029283200 0 0 0 0
1029196800 0 0 0 0
1029110400 0 0 0 0
1029024000 0 0 0 0
1028937600 0 0 0 0
1028851200 0 0 0 0
1028764800 0 0 0 0
1028678400 0 0 0 0
1028592000 0 0 0 0
1028505600 0 0 0 0
1028419200 0 0 0 0
1028332800 0 0 0 0
1028246400 0 0 0 0
1028160000 0 0 0 0
1028073600 0 0 0 0
1027987200 0 0 0 0
1027900800 0 0 0 0
1027814400 0 0 0 0
1027728000 0 0 0 0
1027641600 0 0 0 0
1027555200 0 0 0 0
1027468800 0 0 0 0
1027382400 0 0 0 0
1027296000 0 0 0 0
1027209600 0 0 0 0
1027123200 0 0 0 0
1027036800 0 0 0 0
1026950400 0 0 0 0
1026864000 0 0 0 0
1026777600 0 0 0 0
1026691200 0 0 0 0
1026604800 0 0 0 0
1026518400 0 0 0 0
1026432000 0 0 0 0
1026345600 0 0 0 0
1026259200 0 0 0 0
1026172800 0 0 0 0
1026086400 0 0 0 0
1026000000 0 0 0 0
1025913600 0 0 0 0
1025827200 0 0 0 0
1025740800 0 0 0 0
1025654400 0 0 0 0
1025568000 0 0 0 0
1025481600 0 0 0 0
1025395200 0 0 0 0
1025308800 0 0 0 0
1025222400 0 0 0 0
1025136000 0 0 0 0
1025049600 0 0 0 0
1024963200 0 0 0 0
1024876800 0 0 0 0
1024790400 0 0 0 0
1024704000 0 0 0 0
1024617600 0 0 0 0
1024531200 0 0 0 0
1024444800 0 0 0 0
1024358400 0 0 0 0
1024272000 0 0 0 0
1024185600 0 0 0 0
1024099200 0 0 0 0
1024012800 0 0 0 0
1023926400 0 0 0 0
1023840000 0 0 0 0
1023753600 0 0 0 0
1023667200 0 0 0 0
1023580800 0 0 0 0
1023494400 0 0 0 0
1023408000 0 0 0 0
1023321600 0 0 0 0
1023235200 0 0 0 0
1023148800 0 0 0 0
1023062400 0 0 0 0
1022976000 0 0 0 0
1022889600 0 0 0 0
1022803200 0 0 0 0
1022716800 0 0 0 0
1022630400 0 0 0 0
1022544000 0 0 0 0
1022457600 0 0 0 0
1022371200 0 0 0 0
1022284800 0 0 0 0
1022198400 0 0 0 0
1022112000 0 0 0 0
1022025600 0 0 0 0
1021939200 0 0 0 0
1021852800 0 0 0 0
1021766400 0 0 0 0
1021680000 0 0 0 0
1021593600 0 0 0 0
1021507200 0 0 0 0
1021420800 0 0 0 0
1021334400 0 0 0 0
1021248000 0 0 0 0
1021161600 0 0 0 0
1021075200 0 0 0 0
1020988800 0 0 0 0
1020902400 0 0 0 0
1020816000 0 0 0 0
1020729600 0 0 0 0
1020643200 0 0 0 0
1020556800 0 0 0 0
1020470400 0 0 0 0
1020384000 0 0 0 0
1020297600 0 0 0 0
1020211200 0 0 0 0
1020124800 0 0 0 0
1020038400 0 0 0 0
1019952000 0 0 0 0
1019865600 0 0 0 0
1019779200 0 0 0 0
1019692800 0 0 0 0
1019606400 0 0 0 0
1019520000 0 0 0 0
1019433600 0 0 0 0
1019347200 0 0 0 0
1019260800 0 0 0 0
1019174400 0 0 0 0
1019088000 0 0 0 0
1019001600 0 0 0 0
1018915200 0 0 0 0
1018828800 0 0 0 0
1018742400 0 0 0 0
1018656000 0 0 0 0
1018569600 0 0 0 0
1018483200 0 0 0 0
1018396800 0 0 0 0
1018310400 0 0 0 0
1018224000 0 0 0 0
1018137600 0 0 0 0
1018051200 0 0 0 0
1017964800 0 0 0 0
1017878400 0 0 0 0
1017792000 0 0 0 0
1017705600 0 0 0 0
1017619200 0 0 0 0
1017532800 0 0 0 0
1017446400 0 0 0 0
1017360000 0 0 0 0
1017273600 0 0 0 0
1017187200 0 0 0 0
1017100800 0 0 0 0
1017014400 0 0 0 0
1016928000 0 0 0 0
1016841600 0 0 0 0
1016755200 0 0 0 0
1016668800 0 0 0 0
1016582400 0 0 0 0
1016496000 0 0 0 0
1016409600 0 0 0 0
1016323200 0 0 0 0
1016236800 0 0 0 0
1016150400 0 0 0 0
1016064000 0 0 0 0
1015977600 0 0 0 0
1015891200 0 0 0 0
1015804800 0 0 0 0
1015718400 0 0 0 0
1015632000 0 0 0 0
1015545600 0 0 0 0
1015459200 0 0 0 0
1015372800 0 0 0 0
1015286400 0 0 0 0
1015200000 0 0 0 0
1015113600 0 0 0 0
1015027200 0 0 0 0
1014940800 0 0 0 0
1014854400 0 0 0 0
1014768000 0 0 0 0
1014681600 0 0 0 0
1014595200 0 0 0 0
1014508800 0 0 0 0
1014422400 0 0 0 0
1014336000 0 0 0 0
1014249600 0 0 0 0
1014163200 0 0 0 0
1014076800 0 0 0 0
1013990400 0 0 0 0
1013904000 0 0 0 0
1013817600 0 0 0 0
1013731200 0 0 0 0
1013644800 0 0 0 0
1013558400 0 0 0 0
1013472000 0 0 0 0
1013385600 0 0 0 0
1013299200 0 0 0 0
1013212800 0 0 0 0
1013126400 0 0 0 0
1013040000 0 0 0 0
1012953600 0 0 0 0
1012867200 0 0 0 0
1012780800 0 0 0 0
1012694400 0 0 0 0
1012608000 0 0 0 0
1012521600 0 0 0 0
1012435200 0 0 0 0
1012348800 0 0 0 0
1012262400 0 0 0 0
1012176000 0 0 0 0
1012089600 0 0 0 0
1012003200 0 0 0 0
1011916800 0 0 0 0
1011830400 0 0 0 0
1011744000 0 0 0 0
1011657600 0 0 0 0
1011571200 0 0 0 0
1011484800 0 0 0 0
1011398400 0 0 0 0
1011312000 0 0 0 0
1011225600 0 0 0 0
1011139200 0 0 0 0
1011052800 0 0 0 0
1010966400 0 0 0 0
1010880000 0 0 0 0
1010793600 0 0 0 0
1010707200 0 0 0 0
1010620800 0 0 0 0
1010534400 0 0 0 0
1010448000 0 0 0 0
1010361600 0 0 0 0
1010275200 0 0 0 0
1010188800 0 0 0 0
1010102400 0 0 0 0
1010016000 0 0 0 0
1009929600 0 0 0 0
1009843200 0 0 0 0
1009756800 0 0 0 0
1009670400 0 0 0 0
1009584000 0 0 0 0
1009497600 0 0 0 0
1009411200 0 0 0 0
1009324800 0 0 0 0
1009238400 0 0 0 0
1009152000 0 0 0 0
1009065600 0 0 0 0
1008979200 0 0 0 0
1008892800 0 0 0 0
1008806400 0 0 0 0
1008720000 0 0 0 0
1008633600 0 0 0 0
1008547200 0 0 0 0
1008460800 0 0 0 0
1008374400 0 0 0 0
1008288000 0 0 0 0
1008201600 0 0 0 0
1008115200 0 0 0 0
1008028800 0 0 0 0
1007942400 0 0 0 0
1007856000 0 0 0 0
1007769600 0 0 0 0
1007683200 0 0 0 0
1007596800 0 0 0 0
1007510400 0 0 0 0
1007424000 0 0 0 0
1007337600 0 0 0 0
1007251200 0 0 0 0
1007164800 0 0 0 0
1007078400 0 0 0 0
1006992000 0 0 0 0
1006905600 0 0 0 0
1006819200 0 0 0 0
1006732800 0 0 0 0
1006646400 0 0 0 0
1006560000 0 0 0 0
1006473600 0 0 0 0
1006387200 0 0 0 0
1006300800 0 0 0 0
1006214400 0 0 0 0
1006128000 0 0 0 0
1006041600 0 0 0 0
1005955200 0 0 0 0
1005868800 0 0 0 0
1005782400 0 0 0 0
1005696000 0 0 0 0
1005609600 0 0 0 0
1005523200 0 0 0 0
1005436800 0 0 0 0
1005350400 0 0 0 0
1005264000 0 0 0 0
1005177600 0 0 0 0
1005091200 0 0 0 0
1005004800 0 0 0 0
1004918400 0 0 0 0
1004832000 0 0 0 0
1004745600 0 0 0 0
1004659200 0 0 0 0
1004572800 0 0 0 0
1004486400 0 0 0 0
1004400000 0 0 0 0
1004313600 0 0 0 0
1004227200 0 0 0 0
1004140800 0 0 0 0
1004054400 0 0 0 0
1003968000 0 0 0 0
1003881600 0 0 0 0
1003795200 0 0 0 0
1003708800 0 0 0 0
1003622400 0 0 0 0
1003536000 0 0 0 0
1003449600 0 0 0 0
1003363200 0 0 0 0
1003276800 0 0 0 0
1003190400 0 0 0 0
1003104000 0 0 0 0
1003017600 0 0 0 0
1002931200 0 0 0 0
1002844800 0 0 0 0
1002758400 0 0 0 0
1002672000 0 0 0 0
1002585600 0 0 0 0
1002499200 0 0 0 0
1002412800 0 0 0 0
1002326400 0 0 0 0
1002240000 0 0 0 0
1002153600 0 0 0 0
1002067200 0 0 0 0
1001980800 0 0 0 0
1001894400 0 0 0 0
1001808000 0 0 0 0
1001721600 0 0 0 0
1001635200 0 0 0 0
1001548800 0 0 0 0
1001462400 0 0 0 0
1001376000 0 0 0 0
1001289600 0 0 0 0
1001203200 0 0 0 0
1001116800 0 0 0 0
1001030400 0 0 0 0
1000944000 0 0 0 0
1000857600 0 0 0 0
1000771200 0 0 0 0
1000684800 0 0 0 0
